#
# There is insufficient memory for the Java Runtime Environment to continue.
# Native memory allocation (malloc) failed to allocate 1428656 bytes for Chunk::new
# Possible reasons:
#   The system is out of physical RAM or swap space
#   The process is running with CompressedOops enabled, and the Java Heap may be blocking the growth of the native heap
# Possible solutions:
#   Reduce memory load on the system
#   Increase physical memory or swap space
#   Check if swap backing store is full
#   Decrease Java heap size (-Xmx/-Xms)
#   Decrease number of Java threads
#   Decrease Java thread stack sizes (-Xss)
#   Set larger code cache with -XX:ReservedCodeCacheSize=
#   JVM is running with Zero Based Compressed Oops mode in which the Java heap is
#     placed in the first 32GB address space. The Java Heap base address is the
#     maximum limit for the native heap growth. Please use -XX:HeapBaseMinAddress
#     to set the Java Heap base and to place the Java Heap above 32GB virtual address.
# This output file may be truncated or incomplete.
#
#  Out of Memory Error (./src/hotspot/share/memory/arena.cpp:197), pid=18500, tid=16416
#
# JRE version: OpenJDK Runtime Environment Temurin-11.0.18+10 (11.0.18+10) (build 11.0.18+10)
# Java VM: OpenJDK 64-Bit Server VM Temurin-11.0.18+10 (11.0.18+10, mixed mode, tiered, compressed oops, g1 gc, windows-amd64)
# No core dump will be written. Minidumps are not enabled by default on client versions of Windows
#

---------------  S U M M A R Y ------------

Command Line: -Dfile.encoding=UTF-8 ui_se.RoginFrame

Host: Intel(R) Core(TM) i7-4790 CPU @ 3.60GHz, 8 cores, 15G,  Windows 11 , 64 bit Build 22000 (10.0.22000.1335)
Time: Tue Mar  7 18:33:48 2023  Windows 11 , 64 bit Build 22000 (10.0.22000.1335) elapsed time: 15.494547 seconds (0d 0h 0m 15s)

---------------  T H R E A D  ---------------

Current thread (0x00000273e146a000):  JavaThread "C2 CompilerThread0" daemon [_thread_in_native, id=16416, stack(0x000000fcf1400000,0x000000fcf1500000)]


Current CompileTask:
C2:  15494 2571 % !   4       com.sun.crypto.provider.PBKDF2KeyImpl::deriveKey @ 191 (295 bytes)

Stack: [0x000000fcf1400000,0x000000fcf1500000]
Native frames: (J=compiled Java code, j=interpreted, Vv=VM code, C=native code)
V  [jvm.dll+0x64f2aa]
V  [jvm.dll+0x7e2769]
V  [jvm.dll+0x7e3e69]
V  [jvm.dll+0x7e4553]
V  [jvm.dll+0x26af95]
V  [jvm.dll+0xc1a1c]
V  [jvm.dll+0xc1fcc]
V  [jvm.dll+0x37ae32]
V  [jvm.dll+0x345e45]
V  [jvm.dll+0x3451da]
V  [jvm.dll+0x222d8f]
V  [jvm.dll+0x221d98]
V  [jvm.dll+0x19e681]
V  [jvm.dll+0x231f69]
V  [jvm.dll+0x2300bf]
V  [jvm.dll+0x7a3af0]
V  [jvm.dll+0x79c904]
V  [jvm.dll+0x64e065]
C  [ucrtbase.dll+0x26c0c]
C  [KERNEL32.DLL+0x155a0]
C  [ntdll.dll+0x485b]


---------------  P R O C E S S  ---------------

Threads class SMR info:
_java_thread_list=0x00000273eb88b290, length=19, elements={
0x00000273e0b3f800, 0x00000273e0b49000, 0x00000273e145a800, 0x00000273e145b800,
0x00000273e145f000, 0x00000273e146a000, 0x00000273e146e800, 0x00000273e1482000,
0x00000273e15f0800, 0x00000273e1ac9000, 0x00000273e1ac1000, 0x00000273e1ac4800,
0x00000273e8ae1000, 0x00000273bcd62000, 0x00000273e8ac3800, 0x00000273e8bab800,
0x00000273eba34800, 0x00000273e1940000, 0x00000273e8bf1800
}

Java Threads: ( => current thread )
  0x00000273e0b3f800 JavaThread "Reference Handler" daemon [_thread_blocked, id=8512, stack(0x000000fcf0f00000,0x000000fcf1000000)]
  0x00000273e0b49000 JavaThread "Finalizer" daemon [_thread_blocked, id=18700, stack(0x000000fcf1000000,0x000000fcf1100000)]
  0x00000273e145a800 JavaThread "Signal Dispatcher" daemon [_thread_blocked, id=7480, stack(0x000000fcf1100000,0x000000fcf1200000)]
  0x00000273e145b800 JavaThread "Attach Listener" daemon [_thread_blocked, id=16900, stack(0x000000fcf1200000,0x000000fcf1300000)]
  0x00000273e145f000 JavaThread "Service Thread" daemon [_thread_blocked, id=7044, stack(0x000000fcf1300000,0x000000fcf1400000)]
=>0x00000273e146a000 JavaThread "C2 CompilerThread0" daemon [_thread_in_native, id=16416, stack(0x000000fcf1400000,0x000000fcf1500000)]
  0x00000273e146e800 JavaThread "C1 CompilerThread0" daemon [_thread_in_vm, id=14512, stack(0x000000fcf1500000,0x000000fcf1600000)]
  0x00000273e1482000 JavaThread "Sweeper thread" daemon [_thread_blocked, id=6064, stack(0x000000fcf1600000,0x000000fcf1700000)]
  0x00000273e15f0800 JavaThread "Common-Cleaner" daemon [_thread_blocked, id=19196, stack(0x000000fcf1800000,0x000000fcf1900000)]
  0x00000273e1ac9000 JavaThread "Java2D Disposer" daemon [_thread_blocked, id=3456, stack(0x000000fcf1a00000,0x000000fcf1b00000)]
  0x00000273e1ac1000 JavaThread "AWT-Shutdown" [_thread_blocked, id=15500, stack(0x000000fcf1b00000,0x000000fcf1c00000)]
  0x00000273e1ac4800 JavaThread "AWT-Windows" daemon [_thread_in_native, id=8152, stack(0x000000fcf1c00000,0x000000fcf1d00000)]
  0x00000273e8ae1000 JavaThread "AWT-EventQueue-0" [_thread_in_native, id=16688, stack(0x000000fcf1f00000,0x000000fcf2000000)]
  0x00000273bcd62000 JavaThread "DestroyJavaVM" [_thread_blocked, id=16648, stack(0x000000fcf0800000,0x000000fcf0900000)]
  0x00000273e8ac3800 JavaThread "D3D Screen Updater" daemon [_thread_blocked, id=5728, stack(0x000000fcf2300000,0x000000fcf2400000)]
  0x00000273e8bab800 JavaThread "TimerQueue" daemon [_thread_blocked, id=18096, stack(0x000000fcf1900000,0x000000fcf1a00000)]
  0x00000273eba34800 JavaThread "oracle.jdbc.driver.BlockSource.ThreadedCachingBlockSource.BlockReleaser" daemon [_thread_blocked, id=17852, stack(0x000000fcf2e10000,0x000000fcf2f10000)]
  0x00000273e1940000 JavaThread "C2 CompilerThread1" daemon [_thread_in_native, id=3444, stack(0x000000fcf2b10000,0x000000fcf2c10000)]
  0x00000273e8bf1800 JavaThread "C2 CompilerThread2" daemon [_thread_blocked, id=18436, stack(0x000000fcf2c10000,0x000000fcf2d10000)]

Other Threads:
  0x00000273e0b3d800 VMThread "VM Thread" [stack: 0x000000fcf0e00000,0x000000fcf0f00000] [id=5220]
  0x00000273e15ec800 WatcherThread [stack: 0x000000fcf1700000,0x000000fcf1800000] [id=17216]
  0x00000273bcd7a000 GCTaskThread "GC Thread#0" [stack: 0x000000fcf0900000,0x000000fcf0a00000] [id=11560]
  0x00000273e91d3000 GCTaskThread "GC Thread#1" [stack: 0x000000fcf2410000,0x000000fcf2510000] [id=14996]
  0x00000273e8c4d800 GCTaskThread "GC Thread#2" [stack: 0x000000fcf2510000,0x000000fcf2610000] [id=19148]
  0x00000273e8c50000 GCTaskThread "GC Thread#3" [stack: 0x000000fcf2610000,0x000000fcf2710000] [id=17004]
  0x00000273e9078800 GCTaskThread "GC Thread#4" [stack: 0x000000fcf2710000,0x000000fcf2810000] [id=17856]
  0x00000273e9299000 GCTaskThread "GC Thread#5" [stack: 0x000000fcf2810000,0x000000fcf2910000] [id=6164]
  0x00000273bcdd8800 ConcurrentGCThread "G1 Main Marker" [stack: 0x000000fcf0a00000,0x000000fcf0b00000] [id=19428]
  0x00000273bcddb800 ConcurrentGCThread "G1 Conc#0" [stack: 0x000000fcf0b00000,0x000000fcf0c00000] [id=18824]
  0x00000273e8dc9800 ConcurrentGCThread "G1 Conc#1" [stack: 0x000000fcf2d10000,0x000000fcf2e10000] [id=14452]
  0x00000273e0a29000 ConcurrentGCThread "G1 Refine#0" [stack: 0x000000fcf0c00000,0x000000fcf0d00000] [id=18612]
  0x00000273e1818800 ConcurrentGCThread "G1 Refine#1" [stack: 0x000000fcf2910000,0x000000fcf2a10000] [id=13964]
  0x00000273e97e3000 ConcurrentGCThread "G1 Refine#2" [stack: 0x000000fcf2a10000,0x000000fcf2b10000] [id=4452]
  0x00000273e0a2c000 ConcurrentGCThread "G1 Young RemSet Sampling" [stack: 0x000000fcf0d00000,0x000000fcf0e00000] [id=6060]

Threads with active compile tasks:
C2 CompilerThread0    15511 2571 % !   4       com.sun.crypto.provider.PBKDF2KeyImpl::deriveKey @ 191 (295 bytes)
C2 CompilerThread1    15511 2591       4       java.util.HashSet::add (20 bytes)

VM state:not at safepoint (normal execution)

VM Mutex/Monitor currently owned by a thread: None

Heap address: 0x0000000700a00000, size: 4086 MB, Compressed Oops mode: Zero based, Oop shift amount: 3
Narrow klass base: 0x0000000800000000, Narrow klass shift: 0
Compressed class space size: 1073741824 Address: 0x0000000800000000

Heap:
 garbage-first heap   total 262144K, used 14839K [0x0000000700a00000, 0x0000000800000000)
  region size 1024K, 10 young (10240K), 2 survivors (2048K)
 Metaspace       used 29811K, capacity 30479K, committed 30640K, reserved 1077248K
  class space    used 3216K, capacity 3507K, committed 3584K, reserved 1048576K
Heap Regions: E=young(eden), S=young(survivor), O=old, HS=humongous(starts), HC=humongous(continues), CS=collection set, F=free, A=archive, TAMS=top-at-mark-start (previous, next)
|   0|0x0000000700a00000, 0x0000000700b00000, 0x0000000700b00000|100%| O|  |TAMS 0x0000000700a00000, 0x0000000700a00000| Untracked 
|   1|0x0000000700b00000, 0x0000000700c00000, 0x0000000700c00000|100%| O|  |TAMS 0x0000000700b00000, 0x0000000700b00000| Untracked 
|   2|0x0000000700c00000, 0x0000000700cb3800, 0x0000000700d00000| 70%| O|  |TAMS 0x0000000700c00000, 0x0000000700c00000| Untracked 
|   3|0x0000000700d00000, 0x0000000700e00000, 0x0000000700e00000|100%| O|  |TAMS 0x0000000700e00000, 0x0000000700d00000| Untracked 
|   4|0x0000000700e00000, 0x0000000700f00000, 0x0000000700f00000|100%| O|  |TAMS 0x0000000700f00000, 0x0000000700e00000| Untracked 
|   5|0x0000000700f00000, 0x0000000701000000, 0x0000000701000000|100%| O|  |TAMS 0x0000000700f80400, 0x0000000700f00000| Untracked 
|   6|0x0000000701000000, 0x0000000701000000, 0x0000000701100000|  0%| F|  |TAMS 0x0000000701000000, 0x0000000701000000| Untracked 
|   7|0x0000000701100000, 0x0000000701100000, 0x0000000701200000|  0%| F|  |TAMS 0x0000000701100000, 0x0000000701100000| Untracked 
|   8|0x0000000701200000, 0x0000000701200000, 0x0000000701300000|  0%| F|  |TAMS 0x0000000701200000, 0x0000000701200000| Untracked 
|   9|0x0000000701300000, 0x0000000701300000, 0x0000000701400000|  0%| F|  |TAMS 0x0000000701300000, 0x0000000701300000| Untracked 
|  10|0x0000000701400000, 0x0000000701400000, 0x0000000701500000|  0%| F|  |TAMS 0x0000000701400000, 0x0000000701400000| Untracked 
|  11|0x0000000701500000, 0x0000000701500000, 0x0000000701600000|  0%| F|  |TAMS 0x0000000701500000, 0x0000000701500000| Untracked 
|  12|0x0000000701600000, 0x0000000701600000, 0x0000000701700000|  0%| F|  |TAMS 0x0000000701600000, 0x0000000701600000| Untracked 
|  13|0x0000000701700000, 0x0000000701700000, 0x0000000701800000|  0%| F|  |TAMS 0x0000000701700000, 0x0000000701700000| Untracked 
|  14|0x0000000701800000, 0x0000000701800000, 0x0000000701900000|  0%| F|  |TAMS 0x0000000701800000, 0x0000000701800000| Untracked 
|  15|0x0000000701900000, 0x0000000701900000, 0x0000000701a00000|  0%| F|  |TAMS 0x0000000701900000, 0x0000000701900000| Untracked 
|  16|0x0000000701a00000, 0x0000000701a00000, 0x0000000701b00000|  0%| F|  |TAMS 0x0000000701a00000, 0x0000000701a00000| Untracked 
|  17|0x0000000701b00000, 0x0000000701b00000, 0x0000000701c00000|  0%| F|  |TAMS 0x0000000701b00000, 0x0000000701b00000| Untracked 
|  18|0x0000000701c00000, 0x0000000701c00000, 0x0000000701d00000|  0%| F|  |TAMS 0x0000000701c00000, 0x0000000701c00000| Untracked 
|  19|0x0000000701d00000, 0x0000000701d00000, 0x0000000701e00000|  0%| F|  |TAMS 0x0000000701d00000, 0x0000000701d00000| Untracked 
|  20|0x0000000701e00000, 0x0000000701e00000, 0x0000000701f00000|  0%| F|  |TAMS 0x0000000701e00000, 0x0000000701e00000| Untracked 
|  21|0x0000000701f00000, 0x0000000701f00000, 0x0000000702000000|  0%| F|  |TAMS 0x0000000701f00000, 0x0000000701f00000| Untracked 
|  22|0x0000000702000000, 0x0000000702000000, 0x0000000702100000|  0%| F|  |TAMS 0x0000000702000000, 0x0000000702000000| Untracked 
|  23|0x0000000702100000, 0x0000000702100000, 0x0000000702200000|  0%| F|  |TAMS 0x0000000702100000, 0x0000000702100000| Untracked 
|  24|0x0000000702200000, 0x0000000702200000, 0x0000000702300000|  0%| F|  |TAMS 0x0000000702200000, 0x0000000702200000| Untracked 
|  25|0x0000000702300000, 0x0000000702300000, 0x0000000702400000|  0%| F|  |TAMS 0x0000000702300000, 0x0000000702300000| Untracked 
|  26|0x0000000702400000, 0x0000000702400000, 0x0000000702500000|  0%| F|  |TAMS 0x0000000702400000, 0x0000000702400000| Untracked 
|  27|0x0000000702500000, 0x0000000702500000, 0x0000000702600000|  0%| F|  |TAMS 0x0000000702500000, 0x0000000702500000| Untracked 
|  28|0x0000000702600000, 0x0000000702600000, 0x0000000702700000|  0%| F|  |TAMS 0x0000000702600000, 0x0000000702600000| Untracked 
|  29|0x0000000702700000, 0x0000000702700000, 0x0000000702800000|  0%| F|  |TAMS 0x0000000702700000, 0x0000000702700000| Untracked 
|  30|0x0000000702800000, 0x0000000702800000, 0x0000000702900000|  0%| F|  |TAMS 0x0000000702800000, 0x0000000702800000| Untracked 
|  31|0x0000000702900000, 0x0000000702900000, 0x0000000702a00000|  0%| F|  |TAMS 0x0000000702900000, 0x0000000702900000| Untracked 
|  32|0x0000000702a00000, 0x0000000702a00000, 0x0000000702b00000|  0%| F|  |TAMS 0x0000000702a00000, 0x0000000702a00000| Untracked 
|  33|0x0000000702b00000, 0x0000000702b00000, 0x0000000702c00000|  0%| F|  |TAMS 0x0000000702b00000, 0x0000000702b00000| Untracked 
|  34|0x0000000702c00000, 0x0000000702c00000, 0x0000000702d00000|  0%| F|  |TAMS 0x0000000702c00000, 0x0000000702c00000| Untracked 
|  35|0x0000000702d00000, 0x0000000702d00000, 0x0000000702e00000|  0%| F|  |TAMS 0x0000000702d00000, 0x0000000702d00000| Untracked 
|  36|0x0000000702e00000, 0x0000000702e00000, 0x0000000702f00000|  0%| F|  |TAMS 0x0000000702e00000, 0x0000000702e00000| Untracked 
|  37|0x0000000702f00000, 0x0000000702f00000, 0x0000000703000000|  0%| F|  |TAMS 0x0000000702f00000, 0x0000000702f00000| Untracked 
|  38|0x0000000703000000, 0x0000000703000000, 0x0000000703100000|  0%| F|  |TAMS 0x0000000703000000, 0x0000000703000000| Untracked 
|  39|0x0000000703100000, 0x0000000703100000, 0x0000000703200000|  0%| F|  |TAMS 0x0000000703100000, 0x0000000703100000| Untracked 
|  40|0x0000000703200000, 0x0000000703200000, 0x0000000703300000|  0%| F|  |TAMS 0x0000000703200000, 0x0000000703200000| Untracked 
|  41|0x0000000703300000, 0x0000000703300000, 0x0000000703400000|  0%| F|  |TAMS 0x0000000703300000, 0x0000000703300000| Untracked 
|  42|0x0000000703400000, 0x0000000703400000, 0x0000000703500000|  0%| F|  |TAMS 0x0000000703400000, 0x0000000703400000| Untracked 
|  43|0x0000000703500000, 0x0000000703500000, 0x0000000703600000|  0%| F|  |TAMS 0x0000000703500000, 0x0000000703500000| Untracked 
|  44|0x0000000703600000, 0x0000000703600000, 0x0000000703700000|  0%| F|  |TAMS 0x0000000703600000, 0x0000000703600000| Untracked 
|  45|0x0000000703700000, 0x0000000703700000, 0x0000000703800000|  0%| F|  |TAMS 0x0000000703700000, 0x0000000703700000| Untracked 
|  46|0x0000000703800000, 0x0000000703800000, 0x0000000703900000|  0%| F|  |TAMS 0x0000000703800000, 0x0000000703800000| Untracked 
|  47|0x0000000703900000, 0x0000000703900000, 0x0000000703a00000|  0%| F|  |TAMS 0x0000000703900000, 0x0000000703900000| Untracked 
|  48|0x0000000703a00000, 0x0000000703a00000, 0x0000000703b00000|  0%| F|  |TAMS 0x0000000703a00000, 0x0000000703a00000| Untracked 
|  49|0x0000000703b00000, 0x0000000703b00000, 0x0000000703c00000|  0%| F|  |TAMS 0x0000000703b00000, 0x0000000703b00000| Untracked 
|  50|0x0000000703c00000, 0x0000000703c00000, 0x0000000703d00000|  0%| F|  |TAMS 0x0000000703c00000, 0x0000000703c00000| Untracked 
|  51|0x0000000703d00000, 0x0000000703d00000, 0x0000000703e00000|  0%| F|  |TAMS 0x0000000703d00000, 0x0000000703d00000| Untracked 
|  52|0x0000000703e00000, 0x0000000703e00000, 0x0000000703f00000|  0%| F|  |TAMS 0x0000000703e00000, 0x0000000703e00000| Untracked 
|  53|0x0000000703f00000, 0x0000000703f00000, 0x0000000704000000|  0%| F|  |TAMS 0x0000000703f00000, 0x0000000703f00000| Untracked 
|  54|0x0000000704000000, 0x0000000704000000, 0x0000000704100000|  0%| F|  |TAMS 0x0000000704000000, 0x0000000704000000| Untracked 
|  55|0x0000000704100000, 0x0000000704100000, 0x0000000704200000|  0%| F|  |TAMS 0x0000000704100000, 0x0000000704100000| Untracked 
|  56|0x0000000704200000, 0x0000000704200000, 0x0000000704300000|  0%| F|  |TAMS 0x0000000704200000, 0x0000000704200000| Untracked 
|  57|0x0000000704300000, 0x0000000704300000, 0x0000000704400000|  0%| F|  |TAMS 0x0000000704300000, 0x0000000704300000| Untracked 
|  58|0x0000000704400000, 0x0000000704400000, 0x0000000704500000|  0%| F|  |TAMS 0x0000000704400000, 0x0000000704400000| Untracked 
|  59|0x0000000704500000, 0x0000000704500000, 0x0000000704600000|  0%| F|  |TAMS 0x0000000704500000, 0x0000000704500000| Untracked 
|  60|0x0000000704600000, 0x0000000704600000, 0x0000000704700000|  0%| F|  |TAMS 0x0000000704600000, 0x0000000704600000| Untracked 
|  61|0x0000000704700000, 0x0000000704700000, 0x0000000704800000|  0%| F|  |TAMS 0x0000000704700000, 0x0000000704700000| Untracked 
|  62|0x0000000704800000, 0x0000000704800000, 0x0000000704900000|  0%| F|  |TAMS 0x0000000704800000, 0x0000000704800000| Untracked 
|  63|0x0000000704900000, 0x0000000704900000, 0x0000000704a00000|  0%| F|  |TAMS 0x0000000704900000, 0x0000000704900000| Untracked 
|  64|0x0000000704a00000, 0x0000000704a00000, 0x0000000704b00000|  0%| F|  |TAMS 0x0000000704a00000, 0x0000000704a00000| Untracked 
|  65|0x0000000704b00000, 0x0000000704b00000, 0x0000000704c00000|  0%| F|  |TAMS 0x0000000704b00000, 0x0000000704b00000| Untracked 
|  66|0x0000000704c00000, 0x0000000704c00000, 0x0000000704d00000|  0%| F|  |TAMS 0x0000000704c00000, 0x0000000704c00000| Untracked 
|  67|0x0000000704d00000, 0x0000000704d00000, 0x0000000704e00000|  0%| F|  |TAMS 0x0000000704d00000, 0x0000000704d00000| Untracked 
|  68|0x0000000704e00000, 0x0000000704e00000, 0x0000000704f00000|  0%| F|  |TAMS 0x0000000704e00000, 0x0000000704e00000| Untracked 
|  69|0x0000000704f00000, 0x0000000704f00000, 0x0000000705000000|  0%| F|  |TAMS 0x0000000704f00000, 0x0000000704f00000| Untracked 
|  70|0x0000000705000000, 0x0000000705000000, 0x0000000705100000|  0%| F|  |TAMS 0x0000000705000000, 0x0000000705000000| Untracked 
|  71|0x0000000705100000, 0x0000000705100000, 0x0000000705200000|  0%| F|  |TAMS 0x0000000705100000, 0x0000000705100000| Untracked 
|  72|0x0000000705200000, 0x0000000705200000, 0x0000000705300000|  0%| F|  |TAMS 0x0000000705200000, 0x0000000705200000| Untracked 
|  73|0x0000000705300000, 0x0000000705300000, 0x0000000705400000|  0%| F|  |TAMS 0x0000000705300000, 0x0000000705300000| Untracked 
|  74|0x0000000705400000, 0x0000000705400000, 0x0000000705500000|  0%| F|  |TAMS 0x0000000705400000, 0x0000000705400000| Untracked 
|  75|0x0000000705500000, 0x0000000705500000, 0x0000000705600000|  0%| F|  |TAMS 0x0000000705500000, 0x0000000705500000| Untracked 
|  76|0x0000000705600000, 0x0000000705600000, 0x0000000705700000|  0%| F|  |TAMS 0x0000000705600000, 0x0000000705600000| Untracked 
|  77|0x0000000705700000, 0x0000000705700000, 0x0000000705800000|  0%| F|  |TAMS 0x0000000705700000, 0x0000000705700000| Untracked 
|  78|0x0000000705800000, 0x0000000705800000, 0x0000000705900000|  0%| F|  |TAMS 0x0000000705800000, 0x0000000705800000| Untracked 
|  79|0x0000000705900000, 0x0000000705900000, 0x0000000705a00000|  0%| F|  |TAMS 0x0000000705900000, 0x0000000705900000| Untracked 
|  80|0x0000000705a00000, 0x0000000705a00000, 0x0000000705b00000|  0%| F|  |TAMS 0x0000000705a00000, 0x0000000705a00000| Untracked 
|  81|0x0000000705b00000, 0x0000000705b00000, 0x0000000705c00000|  0%| F|  |TAMS 0x0000000705b00000, 0x0000000705b00000| Untracked 
|  82|0x0000000705c00000, 0x0000000705c00000, 0x0000000705d00000|  0%| F|  |TAMS 0x0000000705c00000, 0x0000000705c00000| Untracked 
|  83|0x0000000705d00000, 0x0000000705d00000, 0x0000000705e00000|  0%| F|  |TAMS 0x0000000705d00000, 0x0000000705d00000| Untracked 
|  84|0x0000000705e00000, 0x0000000705e00000, 0x0000000705f00000|  0%| F|  |TAMS 0x0000000705e00000, 0x0000000705e00000| Untracked 
|  85|0x0000000705f00000, 0x0000000705f00000, 0x0000000706000000|  0%| F|  |TAMS 0x0000000705f00000, 0x0000000705f00000| Untracked 
|  86|0x0000000706000000, 0x0000000706000000, 0x0000000706100000|  0%| F|  |TAMS 0x0000000706000000, 0x0000000706000000| Untracked 
|  87|0x0000000706100000, 0x0000000706100000, 0x0000000706200000|  0%| F|  |TAMS 0x0000000706100000, 0x0000000706100000| Untracked 
|  88|0x0000000706200000, 0x0000000706200000, 0x0000000706300000|  0%| F|  |TAMS 0x0000000706200000, 0x0000000706200000| Untracked 
|  89|0x0000000706300000, 0x0000000706300000, 0x0000000706400000|  0%| F|  |TAMS 0x0000000706300000, 0x0000000706300000| Untracked 
|  90|0x0000000706400000, 0x0000000706400000, 0x0000000706500000|  0%| F|  |TAMS 0x0000000706400000, 0x0000000706400000| Untracked 
|  91|0x0000000706500000, 0x0000000706500000, 0x0000000706600000|  0%| F|  |TAMS 0x0000000706500000, 0x0000000706500000| Untracked 
|  92|0x0000000706600000, 0x0000000706600000, 0x0000000706700000|  0%| F|  |TAMS 0x0000000706600000, 0x0000000706600000| Untracked 
|  93|0x0000000706700000, 0x0000000706700000, 0x0000000706800000|  0%| F|  |TAMS 0x0000000706700000, 0x0000000706700000| Untracked 
|  94|0x0000000706800000, 0x0000000706800000, 0x0000000706900000|  0%| F|  |TAMS 0x0000000706800000, 0x0000000706800000| Untracked 
|  95|0x0000000706900000, 0x0000000706900000, 0x0000000706a00000|  0%| F|  |TAMS 0x0000000706900000, 0x0000000706900000| Untracked 
|  96|0x0000000706a00000, 0x0000000706a00000, 0x0000000706b00000|  0%| F|  |TAMS 0x0000000706a00000, 0x0000000706a00000| Untracked 
|  97|0x0000000706b00000, 0x0000000706b00000, 0x0000000706c00000|  0%| F|  |TAMS 0x0000000706b00000, 0x0000000706b00000| Untracked 
|  98|0x0000000706c00000, 0x0000000706c00000, 0x0000000706d00000|  0%| F|  |TAMS 0x0000000706c00000, 0x0000000706c00000| Untracked 
|  99|0x0000000706d00000, 0x0000000706d00000, 0x0000000706e00000|  0%| F|  |TAMS 0x0000000706d00000, 0x0000000706d00000| Untracked 
| 100|0x0000000706e00000, 0x0000000706e00000, 0x0000000706f00000|  0%| F|  |TAMS 0x0000000706e00000, 0x0000000706e00000| Untracked 
| 101|0x0000000706f00000, 0x0000000706f00000, 0x0000000707000000|  0%| F|  |TAMS 0x0000000706f00000, 0x0000000706f00000| Untracked 
| 102|0x0000000707000000, 0x0000000707000000, 0x0000000707100000|  0%| F|  |TAMS 0x0000000707000000, 0x0000000707000000| Untracked 
| 103|0x0000000707100000, 0x0000000707100000, 0x0000000707200000|  0%| F|  |TAMS 0x0000000707100000, 0x0000000707100000| Untracked 
| 104|0x0000000707200000, 0x0000000707200000, 0x0000000707300000|  0%| F|  |TAMS 0x0000000707200000, 0x0000000707200000| Untracked 
| 105|0x0000000707300000, 0x0000000707300000, 0x0000000707400000|  0%| F|  |TAMS 0x0000000707300000, 0x0000000707300000| Untracked 
| 106|0x0000000707400000, 0x0000000707400000, 0x0000000707500000|  0%| F|  |TAMS 0x0000000707400000, 0x0000000707400000| Untracked 
| 107|0x0000000707500000, 0x0000000707500000, 0x0000000707600000|  0%| F|  |TAMS 0x0000000707500000, 0x0000000707500000| Untracked 
| 108|0x0000000707600000, 0x0000000707600000, 0x0000000707700000|  0%| F|  |TAMS 0x0000000707600000, 0x0000000707600000| Untracked 
| 109|0x0000000707700000, 0x0000000707700000, 0x0000000707800000|  0%| F|  |TAMS 0x0000000707700000, 0x0000000707700000| Untracked 
| 110|0x0000000707800000, 0x0000000707800000, 0x0000000707900000|  0%| F|  |TAMS 0x0000000707800000, 0x0000000707800000| Untracked 
| 111|0x0000000707900000, 0x0000000707900000, 0x0000000707a00000|  0%| F|  |TAMS 0x0000000707900000, 0x0000000707900000| Untracked 
| 112|0x0000000707a00000, 0x0000000707a00000, 0x0000000707b00000|  0%| F|  |TAMS 0x0000000707a00000, 0x0000000707a00000| Untracked 
| 113|0x0000000707b00000, 0x0000000707b00000, 0x0000000707c00000|  0%| F|  |TAMS 0x0000000707b00000, 0x0000000707b00000| Untracked 
| 114|0x0000000707c00000, 0x0000000707c00000, 0x0000000707d00000|  0%| F|  |TAMS 0x0000000707c00000, 0x0000000707c00000| Untracked 
| 115|0x0000000707d00000, 0x0000000707d00000, 0x0000000707e00000|  0%| F|  |TAMS 0x0000000707d00000, 0x0000000707d00000| Untracked 
| 116|0x0000000707e00000, 0x0000000707e00000, 0x0000000707f00000|  0%| F|  |TAMS 0x0000000707e00000, 0x0000000707e00000| Untracked 
| 117|0x0000000707f00000, 0x0000000707f00000, 0x0000000708000000|  0%| F|  |TAMS 0x0000000707f00000, 0x0000000707f00000| Untracked 
| 118|0x0000000708000000, 0x0000000708000000, 0x0000000708100000|  0%| F|  |TAMS 0x0000000708000000, 0x0000000708000000| Untracked 
| 119|0x0000000708100000, 0x0000000708100000, 0x0000000708200000|  0%| F|  |TAMS 0x0000000708100000, 0x0000000708100000| Untracked 
| 120|0x0000000708200000, 0x0000000708200000, 0x0000000708300000|  0%| F|  |TAMS 0x0000000708200000, 0x0000000708200000| Untracked 
| 121|0x0000000708300000, 0x0000000708300000, 0x0000000708400000|  0%| F|  |TAMS 0x0000000708300000, 0x0000000708300000| Untracked 
| 122|0x0000000708400000, 0x0000000708400000, 0x0000000708500000|  0%| F|  |TAMS 0x0000000708400000, 0x0000000708400000| Untracked 
| 123|0x0000000708500000, 0x0000000708500000, 0x0000000708600000|  0%| F|  |TAMS 0x0000000708500000, 0x0000000708500000| Untracked 
| 124|0x0000000708600000, 0x0000000708600000, 0x0000000708700000|  0%| F|  |TAMS 0x0000000708600000, 0x0000000708600000| Untracked 
| 125|0x0000000708700000, 0x0000000708700000, 0x0000000708800000|  0%| F|  |TAMS 0x0000000708700000, 0x0000000708700000| Untracked 
| 126|0x0000000708800000, 0x0000000708800000, 0x0000000708900000|  0%| F|  |TAMS 0x0000000708800000, 0x0000000708800000| Untracked 
| 127|0x0000000708900000, 0x0000000708900000, 0x0000000708a00000|  0%| F|  |TAMS 0x0000000708900000, 0x0000000708900000| Untracked 
| 128|0x0000000708a00000, 0x0000000708a00000, 0x0000000708b00000|  0%| F|  |TAMS 0x0000000708a00000, 0x0000000708a00000| Untracked 
| 129|0x0000000708b00000, 0x0000000708b00000, 0x0000000708c00000|  0%| F|  |TAMS 0x0000000708b00000, 0x0000000708b00000| Untracked 
| 130|0x0000000708c00000, 0x0000000708c00000, 0x0000000708d00000|  0%| F|  |TAMS 0x0000000708c00000, 0x0000000708c00000| Untracked 
| 131|0x0000000708d00000, 0x0000000708d00000, 0x0000000708e00000|  0%| F|  |TAMS 0x0000000708d00000, 0x0000000708d00000| Untracked 
| 132|0x0000000708e00000, 0x0000000708e00000, 0x0000000708f00000|  0%| F|  |TAMS 0x0000000708e00000, 0x0000000708e00000| Untracked 
| 133|0x0000000708f00000, 0x0000000708f00000, 0x0000000709000000|  0%| F|  |TAMS 0x0000000708f00000, 0x0000000708f00000| Untracked 
| 134|0x0000000709000000, 0x0000000709000000, 0x0000000709100000|  0%| F|  |TAMS 0x0000000709000000, 0x0000000709000000| Untracked 
| 135|0x0000000709100000, 0x0000000709100000, 0x0000000709200000|  0%| F|  |TAMS 0x0000000709100000, 0x0000000709100000| Untracked 
| 136|0x0000000709200000, 0x0000000709200000, 0x0000000709300000|  0%| F|  |TAMS 0x0000000709200000, 0x0000000709200000| Untracked 
| 137|0x0000000709300000, 0x0000000709300000, 0x0000000709400000|  0%| F|  |TAMS 0x0000000709300000, 0x0000000709300000| Untracked 
| 138|0x0000000709400000, 0x0000000709400000, 0x0000000709500000|  0%| F|  |TAMS 0x0000000709400000, 0x0000000709400000| Untracked 
| 139|0x0000000709500000, 0x0000000709500000, 0x0000000709600000|  0%| F|  |TAMS 0x0000000709500000, 0x0000000709500000| Untracked 
| 140|0x0000000709600000, 0x0000000709600000, 0x0000000709700000|  0%| F|  |TAMS 0x0000000709600000, 0x0000000709600000| Untracked 
| 141|0x0000000709700000, 0x0000000709700000, 0x0000000709800000|  0%| F|  |TAMS 0x0000000709700000, 0x0000000709700000| Untracked 
| 142|0x0000000709800000, 0x0000000709800000, 0x0000000709900000|  0%| F|  |TAMS 0x0000000709800000, 0x0000000709800000| Untracked 
| 143|0x0000000709900000, 0x0000000709900000, 0x0000000709a00000|  0%| F|  |TAMS 0x0000000709900000, 0x0000000709900000| Untracked 
| 144|0x0000000709a00000, 0x0000000709a00000, 0x0000000709b00000|  0%| F|  |TAMS 0x0000000709a00000, 0x0000000709a00000| Untracked 
| 145|0x0000000709b00000, 0x0000000709b00000, 0x0000000709c00000|  0%| F|  |TAMS 0x0000000709b00000, 0x0000000709b00000| Untracked 
| 146|0x0000000709c00000, 0x0000000709c00000, 0x0000000709d00000|  0%| F|  |TAMS 0x0000000709c00000, 0x0000000709c00000| Untracked 
| 147|0x0000000709d00000, 0x0000000709d00000, 0x0000000709e00000|  0%| F|  |TAMS 0x0000000709d00000, 0x0000000709d00000| Untracked 
| 148|0x0000000709e00000, 0x0000000709e00000, 0x0000000709f00000|  0%| F|  |TAMS 0x0000000709e00000, 0x0000000709e00000| Untracked 
| 149|0x0000000709f00000, 0x0000000709f00000, 0x000000070a000000|  0%| F|  |TAMS 0x0000000709f00000, 0x0000000709f00000| Untracked 
| 150|0x000000070a000000, 0x000000070a000000, 0x000000070a100000|  0%| F|  |TAMS 0x000000070a000000, 0x000000070a000000| Untracked 
| 151|0x000000070a100000, 0x000000070a100000, 0x000000070a200000|  0%| F|  |TAMS 0x000000070a100000, 0x000000070a100000| Untracked 
| 152|0x000000070a200000, 0x000000070a200000, 0x000000070a300000|  0%| F|  |TAMS 0x000000070a200000, 0x000000070a200000| Untracked 
| 153|0x000000070a300000, 0x000000070a300000, 0x000000070a400000|  0%| F|  |TAMS 0x000000070a300000, 0x000000070a300000| Untracked 
| 154|0x000000070a400000, 0x000000070a400000, 0x000000070a500000|  0%| F|  |TAMS 0x000000070a400000, 0x000000070a400000| Untracked 
| 155|0x000000070a500000, 0x000000070a500000, 0x000000070a600000|  0%| F|  |TAMS 0x000000070a500000, 0x000000070a500000| Untracked 
| 156|0x000000070a600000, 0x000000070a600000, 0x000000070a700000|  0%| F|  |TAMS 0x000000070a600000, 0x000000070a600000| Untracked 
| 157|0x000000070a700000, 0x000000070a700000, 0x000000070a800000|  0%| F|  |TAMS 0x000000070a700000, 0x000000070a700000| Untracked 
| 158|0x000000070a800000, 0x000000070a800000, 0x000000070a900000|  0%| F|  |TAMS 0x000000070a800000, 0x000000070a800000| Untracked 
| 159|0x000000070a900000, 0x000000070a900000, 0x000000070aa00000|  0%| F|  |TAMS 0x000000070a900000, 0x000000070a900000| Untracked 
| 160|0x000000070aa00000, 0x000000070aa00000, 0x000000070ab00000|  0%| F|  |TAMS 0x000000070aa00000, 0x000000070aa00000| Untracked 
| 161|0x000000070ab00000, 0x000000070ab00000, 0x000000070ac00000|  0%| F|  |TAMS 0x000000070ab00000, 0x000000070ab00000| Untracked 
| 162|0x000000070ac00000, 0x000000070ac00000, 0x000000070ad00000|  0%| F|  |TAMS 0x000000070ac00000, 0x000000070ac00000| Untracked 
| 163|0x000000070ad00000, 0x000000070ad00000, 0x000000070ae00000|  0%| F|  |TAMS 0x000000070ad00000, 0x000000070ad00000| Untracked 
| 164|0x000000070ae00000, 0x000000070ae00000, 0x000000070af00000|  0%| F|  |TAMS 0x000000070ae00000, 0x000000070ae00000| Untracked 
| 165|0x000000070af00000, 0x000000070af00000, 0x000000070b000000|  0%| F|  |TAMS 0x000000070af00000, 0x000000070af00000| Untracked 
| 166|0x000000070b000000, 0x000000070b000000, 0x000000070b100000|  0%| F|  |TAMS 0x000000070b000000, 0x000000070b000000| Untracked 
| 167|0x000000070b100000, 0x000000070b100000, 0x000000070b200000|  0%| F|  |TAMS 0x000000070b100000, 0x000000070b100000| Untracked 
| 168|0x000000070b200000, 0x000000070b200000, 0x000000070b300000|  0%| F|  |TAMS 0x000000070b200000, 0x000000070b200000| Untracked 
| 169|0x000000070b300000, 0x000000070b300000, 0x000000070b400000|  0%| F|  |TAMS 0x000000070b300000, 0x000000070b300000| Untracked 
| 170|0x000000070b400000, 0x000000070b400000, 0x000000070b500000|  0%| F|  |TAMS 0x000000070b400000, 0x000000070b400000| Untracked 
| 171|0x000000070b500000, 0x000000070b500000, 0x000000070b600000|  0%| F|  |TAMS 0x000000070b500000, 0x000000070b500000| Untracked 
| 172|0x000000070b600000, 0x000000070b600000, 0x000000070b700000|  0%| F|  |TAMS 0x000000070b600000, 0x000000070b600000| Untracked 
| 173|0x000000070b700000, 0x000000070b700000, 0x000000070b800000|  0%| F|  |TAMS 0x000000070b700000, 0x000000070b700000| Untracked 
| 174|0x000000070b800000, 0x000000070b800000, 0x000000070b900000|  0%| F|  |TAMS 0x000000070b800000, 0x000000070b800000| Untracked 
| 175|0x000000070b900000, 0x000000070b900000, 0x000000070ba00000|  0%| F|  |TAMS 0x000000070b900000, 0x000000070b900000| Untracked 
| 176|0x000000070ba00000, 0x000000070ba00000, 0x000000070bb00000|  0%| F|  |TAMS 0x000000070ba00000, 0x000000070ba00000| Untracked 
| 177|0x000000070bb00000, 0x000000070bb00000, 0x000000070bc00000|  0%| F|  |TAMS 0x000000070bb00000, 0x000000070bb00000| Untracked 
| 178|0x000000070bc00000, 0x000000070bc00000, 0x000000070bd00000|  0%| F|  |TAMS 0x000000070bc00000, 0x000000070bc00000| Untracked 
| 179|0x000000070bd00000, 0x000000070bd00000, 0x000000070be00000|  0%| F|  |TAMS 0x000000070bd00000, 0x000000070bd00000| Untracked 
| 180|0x000000070be00000, 0x000000070be00000, 0x000000070bf00000|  0%| F|  |TAMS 0x000000070be00000, 0x000000070be00000| Untracked 
| 181|0x000000070bf00000, 0x000000070bf00000, 0x000000070c000000|  0%| F|  |TAMS 0x000000070bf00000, 0x000000070bf00000| Untracked 
| 182|0x000000070c000000, 0x000000070c000000, 0x000000070c100000|  0%| F|  |TAMS 0x000000070c000000, 0x000000070c000000| Untracked 
| 183|0x000000070c100000, 0x000000070c100000, 0x000000070c200000|  0%| F|  |TAMS 0x000000070c100000, 0x000000070c100000| Untracked 
| 184|0x000000070c200000, 0x000000070c200000, 0x000000070c300000|  0%| F|  |TAMS 0x000000070c200000, 0x000000070c200000| Untracked 
| 185|0x000000070c300000, 0x000000070c300000, 0x000000070c400000|  0%| F|  |TAMS 0x000000070c300000, 0x000000070c300000| Untracked 
| 186|0x000000070c400000, 0x000000070c400000, 0x000000070c500000|  0%| F|  |TAMS 0x000000070c400000, 0x000000070c400000| Untracked 
| 187|0x000000070c500000, 0x000000070c500000, 0x000000070c600000|  0%| F|  |TAMS 0x000000070c500000, 0x000000070c500000| Untracked 
| 188|0x000000070c600000, 0x000000070c600000, 0x000000070c700000|  0%| F|  |TAMS 0x000000070c600000, 0x000000070c600000| Untracked 
| 189|0x000000070c700000, 0x000000070c700000, 0x000000070c800000|  0%| F|  |TAMS 0x000000070c700000, 0x000000070c700000| Untracked 
| 190|0x000000070c800000, 0x000000070c800000, 0x000000070c900000|  0%| F|  |TAMS 0x000000070c800000, 0x000000070c800000| Untracked 
| 191|0x000000070c900000, 0x000000070c900000, 0x000000070ca00000|  0%| F|  |TAMS 0x000000070c900000, 0x000000070c900000| Untracked 
| 192|0x000000070ca00000, 0x000000070ca00000, 0x000000070cb00000|  0%| F|  |TAMS 0x000000070ca00000, 0x000000070ca00000| Untracked 
| 193|0x000000070cb00000, 0x000000070cb00000, 0x000000070cc00000|  0%| F|  |TAMS 0x000000070cb00000, 0x000000070cb00000| Untracked 
| 194|0x000000070cc00000, 0x000000070cc00000, 0x000000070cd00000|  0%| F|  |TAMS 0x000000070cc00000, 0x000000070cc00000| Untracked 
| 195|0x000000070cd00000, 0x000000070cd00000, 0x000000070ce00000|  0%| F|  |TAMS 0x000000070cd00000, 0x000000070cd00000| Untracked 
| 196|0x000000070ce00000, 0x000000070ce00000, 0x000000070cf00000|  0%| F|  |TAMS 0x000000070ce00000, 0x000000070ce00000| Untracked 
| 197|0x000000070cf00000, 0x000000070cf00000, 0x000000070d000000|  0%| F|  |TAMS 0x000000070cf00000, 0x000000070cf00000| Untracked 
| 198|0x000000070d000000, 0x000000070d000000, 0x000000070d100000|  0%| F|  |TAMS 0x000000070d000000, 0x000000070d000000| Untracked 
| 199|0x000000070d100000, 0x000000070d100000, 0x000000070d200000|  0%| F|  |TAMS 0x000000070d100000, 0x000000070d100000| Untracked 
| 200|0x000000070d200000, 0x000000070d200000, 0x000000070d300000|  0%| F|  |TAMS 0x000000070d200000, 0x000000070d200000| Untracked 
| 201|0x000000070d300000, 0x000000070d300000, 0x000000070d400000|  0%| F|  |TAMS 0x000000070d300000, 0x000000070d300000| Untracked 
| 202|0x000000070d400000, 0x000000070d400000, 0x000000070d500000|  0%| F|  |TAMS 0x000000070d400000, 0x000000070d400000| Untracked 
| 203|0x000000070d500000, 0x000000070d500000, 0x000000070d600000|  0%| F|  |TAMS 0x000000070d500000, 0x000000070d500000| Untracked 
| 204|0x000000070d600000, 0x000000070d600000, 0x000000070d700000|  0%| F|  |TAMS 0x000000070d600000, 0x000000070d600000| Untracked 
| 205|0x000000070d700000, 0x000000070d700000, 0x000000070d800000|  0%| F|  |TAMS 0x000000070d700000, 0x000000070d700000| Untracked 
| 206|0x000000070d800000, 0x000000070d800000, 0x000000070d900000|  0%| F|  |TAMS 0x000000070d800000, 0x000000070d800000| Untracked 
| 207|0x000000070d900000, 0x000000070d900000, 0x000000070da00000|  0%| F|  |TAMS 0x000000070d900000, 0x000000070d900000| Untracked 
| 208|0x000000070da00000, 0x000000070da00000, 0x000000070db00000|  0%| F|  |TAMS 0x000000070da00000, 0x000000070da00000| Untracked 
| 209|0x000000070db00000, 0x000000070db00000, 0x000000070dc00000|  0%| F|  |TAMS 0x000000070db00000, 0x000000070db00000| Untracked 
| 210|0x000000070dc00000, 0x000000070dc00000, 0x000000070dd00000|  0%| F|  |TAMS 0x000000070dc00000, 0x000000070dc00000| Untracked 
| 211|0x000000070dd00000, 0x000000070dd00000, 0x000000070de00000|  0%| F|  |TAMS 0x000000070dd00000, 0x000000070dd00000| Untracked 
| 212|0x000000070de00000, 0x000000070de00000, 0x000000070df00000|  0%| F|  |TAMS 0x000000070de00000, 0x000000070de00000| Untracked 
| 213|0x000000070df00000, 0x000000070df00000, 0x000000070e000000|  0%| F|  |TAMS 0x000000070df00000, 0x000000070df00000| Untracked 
| 214|0x000000070e000000, 0x000000070e000000, 0x000000070e100000|  0%| F|  |TAMS 0x000000070e000000, 0x000000070e000000| Untracked 
| 215|0x000000070e100000, 0x000000070e100000, 0x000000070e200000|  0%| F|  |TAMS 0x000000070e100000, 0x000000070e100000| Untracked 
| 216|0x000000070e200000, 0x000000070e200000, 0x000000070e300000|  0%| F|  |TAMS 0x000000070e200000, 0x000000070e200000| Untracked 
| 217|0x000000070e300000, 0x000000070e300000, 0x000000070e400000|  0%| F|  |TAMS 0x000000070e300000, 0x000000070e300000| Untracked 
| 218|0x000000070e400000, 0x000000070e400000, 0x000000070e500000|  0%| F|  |TAMS 0x000000070e400000, 0x000000070e400000| Untracked 
| 219|0x000000070e500000, 0x000000070e500000, 0x000000070e600000|  0%| F|  |TAMS 0x000000070e500000, 0x000000070e500000| Untracked 
| 220|0x000000070e600000, 0x000000070e600000, 0x000000070e700000|  0%| F|  |TAMS 0x000000070e600000, 0x000000070e600000| Untracked 
| 221|0x000000070e700000, 0x000000070e700000, 0x000000070e800000|  0%| F|  |TAMS 0x000000070e700000, 0x000000070e700000| Untracked 
| 222|0x000000070e800000, 0x000000070e800000, 0x000000070e900000|  0%| F|  |TAMS 0x000000070e800000, 0x000000070e800000| Untracked 
| 223|0x000000070e900000, 0x000000070e900000, 0x000000070ea00000|  0%| F|  |TAMS 0x000000070e900000, 0x000000070e900000| Untracked 
| 224|0x000000070ea00000, 0x000000070ea00000, 0x000000070eb00000|  0%| F|  |TAMS 0x000000070ea00000, 0x000000070ea00000| Untracked 
| 225|0x000000070eb00000, 0x000000070eb00000, 0x000000070ec00000|  0%| F|  |TAMS 0x000000070eb00000, 0x000000070eb00000| Untracked 
| 226|0x000000070ec00000, 0x000000070ec00000, 0x000000070ed00000|  0%| F|  |TAMS 0x000000070ec00000, 0x000000070ec00000| Untracked 
| 227|0x000000070ed00000, 0x000000070ed00000, 0x000000070ee00000|  0%| F|  |TAMS 0x000000070ed00000, 0x000000070ed00000| Untracked 
| 228|0x000000070ee00000, 0x000000070ee00000, 0x000000070ef00000|  0%| F|  |TAMS 0x000000070ee00000, 0x000000070ee00000| Untracked 
| 229|0x000000070ef00000, 0x000000070ef00000, 0x000000070f000000|  0%| F|  |TAMS 0x000000070ef00000, 0x000000070ef00000| Untracked 
| 230|0x000000070f000000, 0x000000070f000000, 0x000000070f100000|  0%| F|  |TAMS 0x000000070f000000, 0x000000070f000000| Untracked 
| 231|0x000000070f100000, 0x000000070f100000, 0x000000070f200000|  0%| F|  |TAMS 0x000000070f100000, 0x000000070f100000| Untracked 
| 232|0x000000070f200000, 0x000000070f200000, 0x000000070f300000|  0%| F|  |TAMS 0x000000070f200000, 0x000000070f200000| Untracked 
| 233|0x000000070f300000, 0x000000070f300000, 0x000000070f400000|  0%| F|  |TAMS 0x000000070f300000, 0x000000070f300000| Untracked 
| 234|0x000000070f400000, 0x000000070f400000, 0x000000070f500000|  0%| F|  |TAMS 0x000000070f400000, 0x000000070f400000| Untracked 
| 235|0x000000070f500000, 0x000000070f500000, 0x000000070f600000|  0%| F|  |TAMS 0x000000070f500000, 0x000000070f500000| Untracked 
| 236|0x000000070f600000, 0x000000070f600000, 0x000000070f700000|  0%| F|  |TAMS 0x000000070f600000, 0x000000070f600000| Untracked 
| 237|0x000000070f700000, 0x000000070f700000, 0x000000070f800000|  0%| F|  |TAMS 0x000000070f700000, 0x000000070f700000| Untracked 
| 238|0x000000070f800000, 0x000000070f800000, 0x000000070f900000|  0%| F|  |TAMS 0x000000070f800000, 0x000000070f800000| Untracked 
| 239|0x000000070f900000, 0x000000070f9ca5d0, 0x000000070fa00000| 79%| S|CS|TAMS 0x000000070f900000, 0x000000070f900000| Complete 
| 240|0x000000070fa00000, 0x000000070fb00000, 0x000000070fb00000|100%| S|CS|TAMS 0x000000070fa00000, 0x000000070fa00000| Complete 
| 241|0x000000070fb00000, 0x000000070fb00000, 0x000000070fc00000|  0%| F|  |TAMS 0x000000070fb00000, 0x000000070fb00000| Untracked 
| 242|0x000000070fc00000, 0x000000070fc00000, 0x000000070fd00000|  0%| F|  |TAMS 0x000000070fc00000, 0x000000070fc00000| Untracked 
| 243|0x000000070fd00000, 0x000000070fd00000, 0x000000070fe00000|  0%| F|  |TAMS 0x000000070fd00000, 0x000000070fd00000| Untracked 
| 244|0x000000070fe00000, 0x000000070fe00000, 0x000000070ff00000|  0%| F|  |TAMS 0x000000070fe00000, 0x000000070fe00000| Untracked 
| 245|0x000000070ff00000, 0x000000070ff00000, 0x0000000710000000|  0%| F|  |TAMS 0x000000070ff00000, 0x000000070ff00000| Untracked 
| 246|0x0000000710000000, 0x0000000710000000, 0x0000000710100000|  0%| F|  |TAMS 0x0000000710000000, 0x0000000710000000| Untracked 
| 247|0x0000000710100000, 0x0000000710100000, 0x0000000710200000|  0%| F|  |TAMS 0x0000000710100000, 0x0000000710100000| Untracked 
| 248|0x0000000710200000, 0x0000000710300000, 0x0000000710300000|100%| E|  |TAMS 0x0000000710200000, 0x0000000710200000| Complete 
| 249|0x0000000710300000, 0x0000000710400000, 0x0000000710400000|100%| E|CS|TAMS 0x0000000710300000, 0x0000000710300000| Complete 
| 250|0x0000000710400000, 0x0000000710500000, 0x0000000710500000|100%| E|CS|TAMS 0x0000000710400000, 0x0000000710400000| Complete 
| 251|0x0000000710500000, 0x0000000710600000, 0x0000000710600000|100%| E|CS|TAMS 0x0000000710500000, 0x0000000710500000| Complete 
| 252|0x0000000710600000, 0x0000000710700000, 0x0000000710700000|100%| E|CS|TAMS 0x0000000710600000, 0x0000000710600000| Complete 
| 253|0x0000000710700000, 0x0000000710800000, 0x0000000710800000|100%| E|CS|TAMS 0x0000000710700000, 0x0000000710700000| Complete 
| 254|0x0000000710800000, 0x0000000710900000, 0x0000000710900000|100%| E|CS|TAMS 0x0000000710800000, 0x0000000710800000| Complete 
| 255|0x0000000710900000, 0x0000000710a00000, 0x0000000710a00000|100%| E|CS|TAMS 0x0000000710900000, 0x0000000710900000| Complete 

Card table byte_map: [0x00000273d5010000,0x00000273d5810000] _byte_map_base: 0x00000273d180b000

Marking Bits (Prev, Next): (CMBitMap*) 0x00000273bcdc7950, (CMBitMap*) 0x00000273bcdc7918
 Prev Bits: [0x00000273d9ff0000, 0x00000273ddfc8000)
 Next Bits: [0x00000273d6010000, 0x00000273d9fe8000)

Polling page: 0x00000273bc540000

Metaspace:

Usage:
  Non-class:     26.34 MB capacity,    25.97 MB ( 99%) used,   308.28 KB (  1%) free+waste,    68.94 KB ( <1%) overhead. 
      Class:      3.42 MB capacity,     3.14 MB ( 92%) used,   256.35 KB (  7%) free+waste,    33.88 KB ( <1%) overhead. 
       Both:     29.76 MB capacity,    29.11 MB ( 98%) used,   564.63 KB (  2%) free+waste,   102.81 KB ( <1%) overhead. 

Virtual space:
  Non-class space:       28.00 MB reserved,      26.42 MB ( 94%) committed 
      Class space:        1.00 GB reserved,       3.50 MB ( <1%) committed 
             Both:        1.03 GB reserved,      29.92 MB (  3%) committed 

Chunk freelists:
   Non-Class:  20.00 KB
       Class:  13.00 KB
        Both:  33.00 KB

MaxMetaspaceSize: 17179869184.00 GB
CompressedClassSpaceSize: 1.00 GB
Initial GC threshold: 20.80 MB
Current GC threshold: 35.08 MB
CDS: off

CodeHeap 'non-profiled nmethods': size=120000Kb used=1008Kb max_used=1008Kb free=118991Kb
 bounds [0x00000273ccfb0000, 0x00000273cd220000, 0x00000273d44e0000]
CodeHeap 'profiled nmethods': size=120000Kb used=5169Kb max_used=5169Kb free=114831Kb
 bounds [0x00000273c5a80000, 0x00000273c5f90000, 0x00000273ccfb0000]
CodeHeap 'non-nmethods': size=5760Kb used=1373Kb max_used=1402Kb free=4386Kb
 bounds [0x00000273c54e0000, 0x00000273c5750000, 0x00000273c5a80000]
 total_blobs=3293 nmethods=2599 adapters=606
 compilation: enabled
              stopped_count=0, restarted_count=0
 full_count=0

Compilation events (20 events):
Event: 15.476 Thread 0x00000273e1940000 2591       4       java.util.HashSet::add (20 bytes)
Event: 15.477 Thread 0x00000273e146e800 2592       3       java.lang.StringBuilder::append (9 bytes)
Event: 15.477 Thread 0x00000273e146e800 nmethod 2592 0x00000273c5f86290 code [0x00000273c5f86480, 0x00000273c5f867b8]
Event: 15.477 Thread 0x00000273e8bf1800 nmethod 2589 0x00000273cd0ab590 code [0x00000273cd0ab720, 0x00000273cd0ab8f8]
Event: 15.480 Thread 0x00000273e146e800 2593       3       java.lang.System::getProperty (26 bytes)
Event: 15.480 Thread 0x00000273e146e800 nmethod 2593 0x00000273c5f86910 code [0x00000273c5f86b40, 0x00000273c5f87268]
Event: 15.480 Thread 0x00000273e146e800 2594       3       java.util.Properties::getProperty (16 bytes)
Event: 15.480 Thread 0x00000273e146e800 nmethod 2594 0x00000273c5f87490 code [0x00000273c5f87640, 0x00000273c5f87868]
Event: 15.480 Thread 0x00000273e146e800 2595       3       java.lang.Character::codePointAt (51 bytes)
Event: 15.480 Thread 0x00000273e8bf1800 2597       4       java.util.regex.Pattern$BmpCharProperty::match (55 bytes)
Event: 15.481 Thread 0x00000273e146e800 nmethod 2595 0x00000273c5f87910 code [0x00000273c5f87b20, 0x00000273c5f88188]
Event: 15.481 Thread 0x00000273e146e800 2598       3       java.util.regex.Matcher::search (154 bytes)
Event: 15.481 Thread 0x00000273e146e800 nmethod 2598 0x00000273c5f88310 code [0x00000273c5f88500, 0x00000273c5f88a98]
Event: 15.481 Thread 0x00000273e146e800 2599       3       java.util.regex.Matcher::reset (128 bytes)
Event: 15.482 Thread 0x00000273e146e800 nmethod 2599 0x00000273c5f88c90 code [0x00000273c5f88ea0, 0x00000273c5f89478]
Event: 15.482 Thread 0x00000273e146e800 2596       3       java.util.regex.Pattern$Node::<init> (12 bytes)
Event: 15.482 Thread 0x00000273e146e800 nmethod 2596 0x00000273c5f89690 code [0x00000273c5f89840, 0x00000273c5f89a18]
Event: 15.483 Thread 0x00000273e8bf1800 nmethod 2597 0x00000273cd0aba10 code [0x00000273cd0abbc0, 0x00000273cd0abe18]
Event: 15.493 Thread 0x00000273e146e800 2600       3       oracle.net.jdbc.nl.NVTokens::_isWhiteSpace (28 bytes)
Event: 15.493 Thread 0x00000273e146e800 nmethod 2600 0x00000273c5f89b10 code [0x00000273c5f89cc0, 0x00000273c5f89e98]

GC Heap History (6 events):
Event: 14.682 GC heap before
{Heap before GC invocations=0 (full 0):
 garbage-first heap   total 262144K, used 26624K [0x0000000700a00000, 0x0000000800000000)
  region size 1024K, 24 young (24576K), 0 survivors (0K)
 Metaspace       used 16883K, capacity 17281K, committed 17408K, reserved 1064960K
  class space    used 1757K, capacity 1938K, committed 2048K, reserved 1048576K
}
Event: 14.686 GC heap after
{Heap after GC invocations=1 (full 0):
 garbage-first heap   total 262144K, used 5633K [0x0000000700a00000, 0x0000000800000000)
  region size 1024K, 3 young (3072K), 3 survivors (3072K)
 Metaspace       used 16883K, capacity 17281K, committed 17408K, reserved 1064960K
  class space    used 1757K, capacity 1938K, committed 2048K, reserved 1048576K
}
Event: 14.843 GC heap before
{Heap before GC invocations=1 (full 0):
 garbage-first heap   total 262144K, used 11777K [0x0000000700a00000, 0x0000000800000000)
  region size 1024K, 10 young (10240K), 3 survivors (3072K)
 Metaspace       used 20703K, capacity 21201K, committed 21296K, reserved 1069056K
  class space    used 2183K, capacity 2417K, committed 2432K, reserved 1048576K
}
Event: 14.847 GC heap after
{Heap after GC invocations=2 (full 0):
 garbage-first heap   total 262144K, used 6502K [0x0000000700a00000, 0x0000000800000000)
  region size 1024K, 4 young (4096K), 4 survivors (4096K)
 Metaspace       used 20703K, capacity 21201K, committed 21296K, reserved 1069056K
  class space    used 2183K, capacity 2417K, committed 2432K, reserved 1048576K
}
Event: 15.043 GC heap before
{Heap before GC invocations=3 (full 0):
 garbage-first heap   total 262144K, used 17766K [0x0000000700a00000, 0x0000000800000000)
  region size 1024K, 15 young (15360K), 4 survivors (4096K)
 Metaspace       used 26504K, capacity 27097K, committed 27440K, reserved 1073152K
  class space    used 2864K, capacity 3104K, committed 3200K, reserved 1048576K
}
Event: 15.046 GC heap after
{Heap after GC invocations=4 (full 0):
 garbage-first heap   total 262144K, used 7671K [0x0000000700a00000, 0x0000000800000000)
  region size 1024K, 2 young (2048K), 2 survivors (2048K)
 Metaspace       used 26504K, capacity 27097K, committed 27440K, reserved 1073152K
  class space    used 2864K, capacity 3104K, committed 3200K, reserved 1048576K
}

Deoptimization events (20 events):
Event: 15.398 Thread 0x00000273e8ae1000 DEOPT PACKING pc=0x00000273c5f6a247 sp=0x000000fcf1ff9c10
Event: 15.398 Thread 0x00000273e8ae1000 DEOPT UNPACKING pc=0x00000273c552a95e sp=0x000000fcf1ff90a8 mode 0
Event: 15.399 Thread 0x00000273e8ae1000 DEOPT PACKING pc=0x00000273c5f6a012 sp=0x000000fcf1ff9cd0
Event: 15.399 Thread 0x00000273e8ae1000 DEOPT UNPACKING pc=0x00000273c552a95e sp=0x000000fcf1ff9168 mode 0
Event: 15.412 Thread 0x00000273e8ae1000 Uncommon trap: trap_request=0xffffffde fr.pc=0x00000273cd0a41d8 relative=0x0000000000000858
Event: 15.412 Thread 0x00000273e8ae1000 Uncommon trap: reason=class_check action=maybe_recompile pc=0x00000273cd0a41d8 method=sun.security.provider.DigestBase.engineUpdate([BII)V @ 128 c2
Event: 15.412 Thread 0x00000273e8ae1000 DEOPT PACKING pc=0x00000273cd0a41d8 sp=0x000000fcf1ff9ea0
Event: 15.412 Thread 0x00000273e8ae1000 DEOPT UNPACKING pc=0x00000273c552a1af sp=0x000000fcf1ff9e58 mode 2
Event: 15.412 Thread 0x00000273e8ae1000 Uncommon trap: trap_request=0xffffffde fr.pc=0x00000273cd0a41d8 relative=0x0000000000000858
Event: 15.412 Thread 0x00000273e8ae1000 Uncommon trap: reason=class_check action=maybe_recompile pc=0x00000273cd0a41d8 method=sun.security.provider.DigestBase.engineUpdate([BII)V @ 128 c2
Event: 15.412 Thread 0x00000273e8ae1000 DEOPT PACKING pc=0x00000273cd0a41d8 sp=0x000000fcf1ff9ed0
Event: 15.412 Thread 0x00000273e8ae1000 DEOPT UNPACKING pc=0x00000273c552a1af sp=0x000000fcf1ff9e88 mode 2
Event: 15.412 Thread 0x00000273e8ae1000 Uncommon trap: trap_request=0xffffffde fr.pc=0x00000273cd0a41d8 relative=0x0000000000000858
Event: 15.412 Thread 0x00000273e8ae1000 Uncommon trap: reason=class_check action=maybe_recompile pc=0x00000273cd0a41d8 method=sun.security.provider.DigestBase.engineUpdate([BII)V @ 128 c2
Event: 15.412 Thread 0x00000273e8ae1000 DEOPT PACKING pc=0x00000273cd0a41d8 sp=0x000000fcf1ff9ea0
Event: 15.412 Thread 0x00000273e8ae1000 DEOPT UNPACKING pc=0x00000273c552a1af sp=0x000000fcf1ff9e58 mode 2
Event: 15.412 Thread 0x00000273e8ae1000 Uncommon trap: trap_request=0xffffffde fr.pc=0x00000273cd0a41d8 relative=0x0000000000000858
Event: 15.412 Thread 0x00000273e8ae1000 Uncommon trap: reason=class_check action=maybe_recompile pc=0x00000273cd0a41d8 method=sun.security.provider.DigestBase.engineUpdate([BII)V @ 128 c2
Event: 15.412 Thread 0x00000273e8ae1000 DEOPT PACKING pc=0x00000273cd0a41d8 sp=0x000000fcf1ff9ed0
Event: 15.412 Thread 0x00000273e8ae1000 DEOPT UNPACKING pc=0x00000273c552a1af sp=0x000000fcf1ff9e88 mode 2

Classes redefined (0 events):
No events

Internal exceptions (20 events):
Event: 0.461 Thread 0x00000273bcd62000 Exception <a 'java/io/FileNotFoundException'{0x00000007101ab0d0}> (0x00000007101ab0d0) thrown at [./src/hotspot/share/prims/jni.cpp, line 617]
Event: 0.461 Thread 0x00000273bcd62000 Exception <a 'java/security/PrivilegedActionException'{0x00000007101aba58}> (0x00000007101aba58) thrown at [./src/hotspot/share/prims/jvm.cpp, line 1306]
Event: 0.480 Thread 0x00000273bcd62000 Exception <a 'java/lang/NoSuchMethodError'{0x00000007100e3bc0}: 'java.lang.Object java.lang.invoke.DirectMethodHandle$Holder.invokeStatic(java.lang.Object, java.lang.Object, java.lang.Object, java.lang.Object, java.lang.Object, java.lang.Object, java.lang.Object, java.lang.Object, java.lang.Object, java.lang.Object, java.lang.Object, int)'> (0x00000007100e3bc0) thrown at [./src/hotspot/share/interpreter/linkResolver.cpp, line 773]
Event: 0.481 Thread 0x00000273bcd62000 Exception <a 'java/lang/NoSuchMethodError'{0x000000070ff025a8}: 'java.lang.Object java.lang.invoke.DirectMethodHandle$Holder.invokeStatic(java.lang.Object, java.lang.Object, java.lang.Object, java.lang.Object, java.lang.Object, java.lang.Object, java.lang.Object, java.lang.Object, java.lang.Object, java.lang.Object, java.lang.Object, int, int)'> (0x000000070ff025a8) thrown at [./src/hotspot/share/interpreter/linkResolver.cpp, line 773]
Event: 0.482 Thread 0x00000273bcd62000 Exception <a 'java/lang/NoSuchMethodError'{0x000000070ff21540}: 'java.lang.Object java.lang.invoke.DirectMethodHandle$Holder.invokeStatic(java.lang.Object, java.lang.Object, java.lang.Object, java.lang.Object, java.lang.Object, java.lang.Object, java.lang.Object, java.lang.Object, java.lang.Object, java.lang.Object, java.lang.Object, int, int, java.lang.Object)'> (0x000000070ff21540) thrown at [./src/hotspot/share/interpreter/linkResolver.cpp, line 773]
Event: 0.483 Thread 0x00000273bcd62000 Exception <a 'java/lang/NoSuchMethodError'{0x000000070ff2d4f0}: 'java.lang.Object java.lang.invoke.Invokers$Holder.linkToTargetMethod(java.lang.Object, int, java.lang.Object)'> (0x000000070ff2d4f0) thrown at [./src/hotspot/share/interpreter/linkResolver.cpp, line 773]
Event: 0.610 Thread 0x00000273e8ae1000 Exception <a 'java/lang/NoSuchMethodError'{0x0000000710162150}: 'java.lang.Object java.lang.invoke.DirectMethodHandle$Holder.invokeStatic(java.lang.Object, java.lang.Object, java.lang.Object, java.lang.Object, java.lang.Object, java.lang.Object, java.lang.Object, java.lang.Object, java.lang.Object, java.lang.Object, java.lang.Object, int, int, java.lang.Object, java.lang.Object)'> (0x0000000710162150) thrown at [./src/hotspot/share/interpreter/linkResolver.cpp, line 773]
Event: 11.650 Thread 0x00000273e8ae1000 Implicit null exception at 0x00000273cd0120a1 to 0x00000273cd012184
Event: 14.705 Thread 0x00000273e8ae1000 Exception <a 'java/lang/NoClassDefFoundError'{0x000000071080c950}: org/apache/log4j/Priority> (0x000000071080c950) thrown at [./src/hotspot/share/classfile/systemDictionary.cpp, line 219]
Event: 14.739 Thread 0x00000273e8ae1000 Exception <a 'java/lang/NoSuchMethodError'{0x00000007108b30e0}: 'java.lang.Object java.lang.invoke.DirectMethodHandle$Holder.invokeStaticInit(java.lang.Object, java.lang.Object, java.lang.Object)'> (0x00000007108b30e0) thrown at [./src/hotspot/share/interpreter/linkResolver.cpp, line 773]
Event: 14.741 Thread 0x00000273e8ae1000 Exception <a 'java/lang/NoSuchMethodError'{0x00000007108ccde0}: 'int java.lang.invoke.DirectMethodHandle$Holder.invokeInterface(java.lang.Object, java.lang.Object)'> (0x00000007108ccde0) thrown at [./src/hotspot/share/interpreter/linkResolver.cpp, line 773]
Event: 14.741 Thread 0x00000273e8ae1000 Exception <a 'java/lang/IncompatibleClassChangeError'{0x00000007108d00a8}: Found class java.lang.Object, but interface was expected> (0x00000007108d00a8) thrown at [./src/hotspot/share/interpreter/linkResolver.cpp, line 839]
Event: 14.821 Thread 0x00000273e8ae1000 Exception <a 'java/lang/NoClassDefFoundError'{0x000000071042d248}: oracle/security/pki/OraclePKIProvider> (0x000000071042d248) thrown at [./src/hotspot/share/classfile/systemDictionary.cpp, line 219]
Event: 14.911 Thread 0x00000273e8ae1000 Exception <a 'java/lang/NoClassDefFoundError'{0x000000071053f850}: org/slf4j/LoggerFactory> (0x000000071053f850) thrown at [./src/hotspot/share/classfile/systemDictionary.cpp, line 219]
Event: 14.911 Thread 0x00000273e8ae1000 Exception <a 'java/lang/reflect/InvocationTargetException'{0x000000071053fdc8}> (0x000000071053fdc8) thrown at [./src/hotspot/share/runtime/reflection.cpp, line 1247]
Event: 14.916 Thread 0x00000273e8ae1000 Exception <a 'java/lang/NoSuchMethodError'{0x00000007105720d8}: 'void java.lang.invoke.DirectMethodHandle$Holder.invokeSpecial(java.lang.Object, java.lang.Object, java.lang.Object, java.lang.Object, java.lang.Object, java.lang.Object)'> (0x00000007105720d8) thrown at [./src/hotspot/share/interpreter/linkResolver.cpp, line 773]
Event: 15.188 Thread 0x00000273e8ae1000 Exception <a 'java/lang/NoSuchMethodError'{0x000000071067cbc0}: 'java.lang.Object java.lang.invoke.DirectMethodHandle$Holder.invokeStatic(java.lang.Object, int, int, int, int)'> (0x000000071067cbc0) thrown at [./src/hotspot/share/interpreter/linkResolver.cpp, line 773]
Event: 15.188 Thread 0x00000273e8ae1000 Exception <a 'java/lang/NoSuchMethodError'{0x000000071067ff90}: 'java.lang.Object java.lang.invoke.DirectMethodHandle$Holder.invokeStaticInit(java.lang.Object, int, int, int, int)'> (0x000000071067ff90) thrown at [./src/hotspot/share/interpreter/linkResolver.cpp, line 773]
Event: 15.190 Thread 0x00000273e8ae1000 Exception <a 'sun/nio/fs/WindowsException'{0x0000000710686628}> (0x0000000710686628) thrown at [./src/hotspot/share/prims/jni.cpp, line 617]
Event: 15.190 Thread 0x00000273e8ae1000 Exception <a 'java/lang/NoSuchMethodError'{0x00000007106880c8}: 'int java.lang.invoke.DirectMethodHandle$Holder.invokeSpecialIFC(java.lang.Object, java.lang.Object, int)'> (0x00000007106880c8) thrown at [./src/hotspot/share/interpreter/linkResolver.cpp, line 773]

Events (20 events):
Event: 15.475 loading class java/util/NoSuchElementException
Event: 15.475 loading class java/util/NoSuchElementException done
Event: 15.476 loading class org/apache/commons/pool2/impl/BaseGenericObjectPool$StatsStore
Event: 15.476 loading class org/apache/commons/pool2/impl/BaseGenericObjectPool$StatsStore done
Event: 15.476 loading class java/lang/Throwable$WrappedPrintWriter
Event: 15.476 loading class java/lang/Throwable$PrintStreamOrWriter
Event: 15.476 loading class java/lang/Throwable$PrintStreamOrWriter done
Event: 15.476 loading class java/lang/Throwable$WrappedPrintWriter done
Event: 15.476 loading class java/lang/StackTraceElement$HashedModules
Event: 15.476 loading class java/lang/StackTraceElement$HashedModules done
Event: 15.477 loading class org/apache/commons/pool2/impl/LinkedBlockingDeque
Event: 15.477 loading class org/apache/commons/pool2/impl/LinkedBlockingDeque done
Event: 15.478 loading class org/apache/commons/pool2/impl/InterruptibleReentrantLock
Event: 15.478 loading class org/apache/commons/pool2/impl/InterruptibleReentrantLock done
Event: 15.478 loading class org/apache/commons/pool2/impl/PoolImplUtils
Event: 15.478 loading class org/apache/commons/pool2/impl/PoolImplUtils done
Event: 15.479 loading class org/apache/commons/dbcp2/SwallowedExceptionLogger
Event: 15.479 loading class org/apache/commons/dbcp2/SwallowedExceptionLogger done
Event: 15.479 loading class org/apache/commons/dbcp2/PoolingDataSource
Event: 15.479 loading class org/apache/commons/dbcp2/PoolingDataSource done


Dynamic libraries:
0x00007ff6533f0000 - 0x00007ff6533fd000 	C:\Program Files\Eclipse Adoptium\jdk-11.0.18.10-hotspot\bin\javaw.exe
0x00007ffa88a60000 - 0x00007ffa88c69000 	C:\windows\SYSTEM32\ntdll.dll
0x00007ffa888b0000 - 0x00007ffa8896e000 	C:\windows\System32\KERNEL32.DLL
0x00007ffa85f30000 - 0x00007ffa862ab000 	C:\windows\System32\KERNELBASE.dll
0x00007ffa86440000 - 0x00007ffa86551000 	C:\windows\System32\ucrtbase.dll
0x00007ffa6fd10000 - 0x00007ffa6fd27000 	C:\Program Files\Eclipse Adoptium\jdk-11.0.18.10-hotspot\bin\jli.dll
0x00007ffa81310000 - 0x00007ffa81329000 	C:\Program Files\Eclipse Adoptium\jdk-11.0.18.10-hotspot\bin\VCRUNTIME140.dll
0x00007ffa87e40000 - 0x00007ffa87fed000 	C:\windows\System32\USER32.dll
0x00007ffa867f0000 - 0x00007ffa86816000 	C:\windows\System32\win32u.dll
0x00007ffa7b740000 - 0x00007ffa7b9e5000 	C:\windows\WinSxS\amd64_microsoft.windows.common-controls_6595b64144ccf1df_6.0.22000.120_none_9d947278b86cc467\COMCTL32.dll
0x00007ffa868e0000 - 0x00007ffa86909000 	C:\windows\System32\GDI32.dll
0x00007ffa86bd0000 - 0x00007ffa86c73000 	C:\windows\System32\msvcrt.dll
0x00007ffa86320000 - 0x00007ffa86438000 	C:\windows\System32\gdi32full.dll
0x00007ffa866d0000 - 0x00007ffa8676d000 	C:\windows\System32\msvcp_win.dll
0x00007ffa88970000 - 0x00007ffa889a2000 	C:\windows\System32\IMM32.DLL
0x00007ffa81370000 - 0x00007ffa8137c000 	C:\Program Files\Eclipse Adoptium\jdk-11.0.18.10-hotspot\bin\vcruntime140_1.dll
0x00007ffa6f1c0000 - 0x00007ffa6f251000 	C:\Program Files\Eclipse Adoptium\jdk-11.0.18.10-hotspot\bin\msvcp140.dll
0x00007ffa06a30000 - 0x00007ffa075ea000 	C:\Program Files\Eclipse Adoptium\jdk-11.0.18.10-hotspot\bin\server\jvm.dll
0x00007ffa88600000 - 0x00007ffa886ae000 	C:\windows\System32\ADVAPI32.dll
0x00007ffa86b20000 - 0x00007ffa86bbe000 	C:\windows\System32\sechost.dll
0x00007ffa88790000 - 0x00007ffa888b0000 	C:\windows\System32\RPCRT4.dll
0x00007ffa87ab0000 - 0x00007ffa87ab8000 	C:\windows\System32\PSAPI.DLL
0x00007ffa81300000 - 0x00007ffa81309000 	C:\windows\SYSTEM32\WSOCK32.dll
0x00007ffa7be80000 - 0x00007ffa7beb3000 	C:\windows\SYSTEM32\WINMM.dll
0x00007ffa806d0000 - 0x00007ffa806da000 	C:\windows\SYSTEM32\VERSION.dll
0x00007ffa889b0000 - 0x00007ffa88a1f000 	C:\windows\System32\WS2_32.dll
0x00007ffa850a0000 - 0x00007ffa850b8000 	C:\windows\SYSTEM32\kernel.appcore.dll
0x00007ffa6f1b0000 - 0x00007ffa6f1c0000 	C:\Program Files\Eclipse Adoptium\jdk-11.0.18.10-hotspot\bin\verify.dll
0x00007ffa7bc30000 - 0x00007ffa7be51000 	C:\windows\SYSTEM32\DBGHELP.DLL
0x00007ffa7b9f0000 - 0x00007ffa7ba21000 	C:\windows\SYSTEM32\dbgcore.DLL
0x00007ffa86770000 - 0x00007ffa867ef000 	C:\windows\System32\bcryptPrimitives.dll
0x00007ffa6f180000 - 0x00007ffa6f1a8000 	C:\Program Files\Eclipse Adoptium\jdk-11.0.18.10-hotspot\bin\java.dll
0x00007ffa6f170000 - 0x00007ffa6f17a000 	C:\Program Files\Eclipse Adoptium\jdk-11.0.18.10-hotspot\bin\jimage.dll
0x00007ffa6f150000 - 0x00007ffa6f168000 	C:\Program Files\Eclipse Adoptium\jdk-11.0.18.10-hotspot\bin\zip.dll
0x00007ffa86e40000 - 0x00007ffa875f7000 	C:\windows\System32\SHELL32.dll
0x00007ffa84020000 - 0x00007ffa84885000 	C:\windows\SYSTEM32\windows.storage.dll
0x00007ffa87600000 - 0x00007ffa87978000 	C:\windows\System32\combase.dll
0x00007ffa83eb0000 - 0x00007ffa84016000 	C:\windows\SYSTEM32\wintypes.dll
0x00007ffa87ac0000 - 0x00007ffa87baa000 	C:\windows\System32\SHCORE.dll
0x00007ffa87ff0000 - 0x00007ffa8804d000 	C:\windows\System32\shlwapi.dll
0x00007ffa85e60000 - 0x00007ffa85e81000 	C:\windows\SYSTEM32\profapi.dll
0x00007ffa6f130000 - 0x00007ffa6f149000 	C:\Program Files\Eclipse Adoptium\jdk-11.0.18.10-hotspot\bin\net.dll
0x00007ffa811a0000 - 0x00007ffa812b4000 	C:\windows\SYSTEM32\WINHTTP.dll
0x00007ffa85540000 - 0x00007ffa855a7000 	C:\windows\system32\mswsock.dll
0x00007ffa6f110000 - 0x00007ffa6f123000 	C:\Program Files\Eclipse Adoptium\jdk-11.0.18.10-hotspot\bin\nio.dll
0x00007ffa6ef80000 - 0x00007ffa6f101000 	C:\Program Files\Eclipse Adoptium\jdk-11.0.18.10-hotspot\bin\awt.dll
0x00007ffa886b0000 - 0x00007ffa88786000 	C:\windows\System32\OLEAUT32.dll
0x00007ffa83480000 - 0x00007ffa83512000 	C:\windows\SYSTEM32\apphelp.dll
0x00007ffa83bb0000 - 0x00007ffa83bdf000 	C:\windows\system32\DWMAPI.DLL
0x00007ffa83660000 - 0x00007ffa8370c000 	C:\windows\system32\uxtheme.dll
0x00007ffa6ee70000 - 0x00007ffa6ef71000 	C:\windows\system32\opengl32.dll
0x00007ffa6ee40000 - 0x00007ffa6ee6d000 	C:\windows\SYSTEM32\GLU32.dll
0x00007ffa83740000 - 0x00007ffa83778000 	C:\windows\SYSTEM32\dxcore.dll
0x00007ffa87990000 - 0x00007ffa87aad000 	C:\windows\System32\MSCTF.dll
0x00007ffa86910000 - 0x00007ffa86aaa000 	C:\windows\System32\ole32.dll
0x00007ffa57080000 - 0x00007ffa57226000 	C:\windows\system32\d3d9.dll
0x00007ffa7c510000 - 0x00007ffa7c612000 	C:\windows\System32\DriverStore\FileRepository\nv_dispi.inf_amd64_60daf66a00f2e0b6\nvldumdx.dll
0x00007ffa857e0000 - 0x00007ffa857f2000 	C:\windows\SYSTEM32\msasn1.dll
0x00007ffa80690000 - 0x00007ffa806c1000 	C:\windows\SYSTEM32\cryptnet.dll
0x00007ffa86560000 - 0x00007ffa866c2000 	C:\windows\System32\CRYPT32.dll
0x00007ffa857a0000 - 0x00007ffa857ac000 	C:\windows\SYSTEM32\cryptbase.dll
0x00007ffa862b0000 - 0x00007ffa86318000 	C:\windows\System32\WINTRUST.DLL
0x00007ffa87bb0000 - 0x00007ffa87bcf000 	C:\windows\System32\imagehlp.dll
0x00007ffa85780000 - 0x00007ffa85798000 	C:\windows\SYSTEM32\CRYPTSP.dll
0x00007ffa85000000 - 0x00007ffa85035000 	C:\windows\system32\rsaenh.dll
0x00007ffa85910000 - 0x00007ffa85937000 	C:\windows\SYSTEM32\bcrypt.dll
0x00007ffa05010000 - 0x00007ffa06a2b000 	C:\windows\System32\DriverStore\FileRepository\nv_dispi.inf_amd64_60daf66a00f2e0b6\nvd3dumx.dll
0x00007ffa80ac0000 - 0x00007ffa80b04000 	C:\windows\SYSTEM32\directxdatabasehelper.dll
0x00007ffa850c0000 - 0x00007ffa850f4000 	C:\windows\SYSTEM32\ntmarta.dll
0x00007ffa855d0000 - 0x00007ffa855f4000 	C:\windows\SYSTEM32\gpapi.dll
0x00007ffa6e860000 - 0x00007ffa6e8e6000 	C:\Program Files\Eclipse Adoptium\jdk-11.0.18.10-hotspot\bin\freetype.dll
0x00007ffa60920000 - 0x00007ffa609e5000 	C:\Program Files\Eclipse Adoptium\jdk-11.0.18.10-hotspot\bin\fontmanager.dll
0x00007ffa71b70000 - 0x00007ffa71c9d000 	C:\windows\SYSTEM32\textinputframework.dll
0x00007ffa88540000 - 0x00007ffa885f5000 	C:\windows\System32\clbcatq.dll
0x00007ffa7e430000 - 0x00007ffa7e5de000 	C:\windows\SYSTEM32\WindowsCodecs.dll
0x00007ffa676f0000 - 0x00007ffa6774d000 	C:\windows\system32\dataexchange.dll
0x00007ffa7da80000 - 0x00007ffa7dce6000 	C:\windows\system32\twinapi.appcore.dll
0x00007ffa83030000 - 0x00007ffa83161000 	C:\windows\SYSTEM32\CoreMessaging.dll
0x00007ffa80100000 - 0x00007ffa8046d000 	C:\windows\SYSTEM32\CoreUIComponents.dll
0x00007ffa7a620000 - 0x00007ffa7a6f7000 	C:\Windows\System32\IME\IMEKR\imkrtip.dll
0x00007ffa820a0000 - 0x00007ffa82197000 	C:\windows\SYSTEM32\PROPSYS.dll
0x00007ffa7a500000 - 0x00007ffa7a61f000 	C:\Windows\System32\IME\shared\imetip.dll
0x00007ffa6f480000 - 0x00007ffa6f4e9000 	C:\windows\SYSTEM32\OLEACC.dll
0x00007ffa6e070000 - 0x00007ffa6e22f000 	C:\windows\SYSTEM32\DUI70.dll
0x00007ffa83390000 - 0x00007ffa833d8000 	C:\Windows\System32\IME\IMEKR\imkrapi.dll
0x00007ffa7fa70000 - 0x00007ffa7fb11000 	C:\windows\SYSTEM32\policymanager.dll
0x00007ffa7f840000 - 0x00007ffa7f8d2000 	C:\windows\SYSTEM32\msvcp110_win.dll
0x00007ffa7a3d0000 - 0x00007ffa7a413000 	C:\Windows\System32\IME\shared\imjkapi.dll
0x00007ffa6e850000 - 0x00007ffa6e859000 	C:\Program Files\Eclipse Adoptium\jdk-11.0.18.10-hotspot\bin\management.dll
0x00007ffa6e840000 - 0x00007ffa6e84b000 	C:\Program Files\Eclipse Adoptium\jdk-11.0.18.10-hotspot\bin\management_ext.dll
0x00007ffa61050000 - 0x00007ffa61077000 	C:\Program Files\Eclipse Adoptium\jdk-11.0.18.10-hotspot\bin\sunec.dll
0x00007ffa6d9b0000 - 0x00007ffa6d9c7000 	C:\windows\system32\napinsp.dll
0x00007ffa678c0000 - 0x00007ffa678db000 	C:\windows\system32\pnrpnsp.dll
0x00007ffa84b80000 - 0x00007ffa84c68000 	C:\windows\SYSTEM32\DNSAPI.dll
0x00007ffa84b50000 - 0x00007ffa84b7d000 	C:\windows\SYSTEM32\IPHLPAPI.DLL
0x00007ffa87d50000 - 0x00007ffa87d59000 	C:\windows\System32\NSI.dll
0x00007ffa610f0000 - 0x00007ffa61102000 	C:\windows\System32\winrnr.dll
0x00007ffa6a190000 - 0x00007ffa6a1a5000 	C:\windows\system32\wshbth.dll
0x00007ffa3c2a0000 - 0x00007ffa3c2bf000 	C:\windows\system32\nlansp_c.dll
0x00007ffa7e5e0000 - 0x00007ffa7e5ea000 	C:\Windows\System32\rasadhlp.dll
0x00007ffa7fd30000 - 0x00007ffa7fdb1000 	C:\windows\System32\fwpuclnt.dll
0x00007ffa85630000 - 0x00007ffa85659000 	C:\windows\SYSTEM32\USERENV.dll
0x00007ffa812d0000 - 0x00007ffa812e9000 	C:\windows\SYSTEM32\dhcpcsvc6.DLL
0x00007ffa81620000 - 0x00007ffa8163e000 	C:\windows\SYSTEM32\dhcpcsvc.DLL

dbghelp: loaded successfully - version: 4.0.5 - missing functions: none
symbol engine: initialized successfully - sym options: 0x614 - pdb path: .;C:\Program Files\Eclipse Adoptium\jdk-11.0.18.10-hotspot\bin;C:\windows\SYSTEM32;C:\windows\WinSxS\amd64_microsoft.windows.common-controls_6595b64144ccf1df_6.0.22000.120_none_9d947278b86cc467;C:\Program Files\Eclipse Adoptium\jdk-11.0.18.10-hotspot\bin\server;C:\windows\System32\DriverStore\FileRepository\nv_dispi.inf_amd64_60daf66a00f2e0b6;C:\Windows\System32\IME\IMEKR;C:\Windows\System32\IME\shared

VM Arguments:
jvm_args: -Dfile.encoding=UTF-8 
java_command: ui_se.RoginFrame
java_class_path (initial): C:\Users\Administrator\eclipse-workspace\oracle\target\classes;C:\Users\Administrator\.p2\pool\plugins\junit-jupiter-api_5.9.1.jar;C:\Users\Administrator\.p2\pool\plugins\junit-jupiter-engine_5.9.1.jar;C:\Users\Administrator\.p2\pool\plugins\junit-jupiter-migrationsupport_5.9.1.jar;C:\Users\Administrator\.p2\pool\plugins\junit-jupiter-params_5.9.1.jar;C:\Users\Administrator\.p2\pool\plugins\junit-platform-commons_1.9.1.jar;C:\Users\Administrator\.p2\pool\plugins\junit-platform-engine_1.9.1.jar;C:\Users\Administrator\.p2\pool\plugins\junit-platform-launcher_1.9.1.jar;C:\Users\Administrator\.p2\pool\plugins\junit-platform-runner_1.9.1.jar;C:\Users\Administrator\.p2\pool\plugins\junit-platform-suite-api_1.9.1.jar;C:\Users\Administrator\.p2\pool\plugins\junit-platform-suite-engine_1.9.1.jar;C:\Users\Administrator\.p2\pool\plugins\junit-platform-suite-commons_1.9.1.jar;C:\Users\Administrator\.p2\pool\plugins\junit-vintage-engine_5.9.1.jar;C:\Users\Administrator\.p2\pool\plugins\org.opentest4j_1.2.0.jar;C:\Users\Administrator\.p2\pool\plugins\org.apiguardian.api_1.1.2.jar;C:\Users\Administrator\.p2\pool\plugins\org.junit_4.13.2.v20211018-1956.jar;C:\Users\Administrator\.p2\pool\plugins\org.hamcrest.core_1.3.0.v20180420-1519.jar;C:\Users\Administrator\.m2\repository\org\mybatis\mybatis\3.5.9\mybatis-3.5.9.jar;C:\Users\Administrator\.m2\repository\org\apache\commons\commons-dbcp2\2.9.0\commons-dbcp2-2.9.0.jar;C:\Users\Administrator\.m2\repository\org\apache\commons\commons-pool2\2.10.0\commons-pool2-2.10.0.jar;C:\Users\Administrator\.m2\repository\commons-logging\commons-logging\1.2\commons-logging-1.2.jar;C:\Users\Administrator\.m2\repository\com\oracle\ojdbc7\12.1.0.2\ojdbc7-12.1.0.2.jar;C:\Users\Administrator\.m2\repository\org\projectlombok\lombok\1.18.12\lombok-1.18.12.jar
Launcher Type: SUN_STANDARD

[Global flags]
     intx CICompilerCount                          = 4                                         {product} {ergonomic}
     uint ConcGCThreads                            = 2                                         {product} {ergonomic}
     uint G1ConcRefinementThreads                  = 8                                         {product} {ergonomic}
   size_t G1HeapRegionSize                         = 1048576                                   {product} {ergonomic}
    uintx GCDrainStackTargetSize                   = 64                                        {product} {ergonomic}
   size_t InitialHeapSize                          = 268435456                                 {product} {ergonomic}
   size_t MarkStackSize                            = 4194304                                   {product} {ergonomic}
   size_t MaxHeapSize                              = 4284481536                                {product} {ergonomic}
   size_t MaxNewSize                               = 2570059776                                {product} {ergonomic}
   size_t MinHeapDeltaBytes                        = 1048576                                   {product} {ergonomic}
    uintx NonNMethodCodeHeapSize                   = 5836300                                {pd product} {ergonomic}
    uintx NonProfiledCodeHeapSize                  = 122910970                              {pd product} {ergonomic}
    uintx ProfiledCodeHeapSize                     = 122910970                              {pd product} {ergonomic}
    uintx ReservedCodeCacheSize                    = 251658240                              {pd product} {ergonomic}
     bool SegmentedCodeCache                       = true                                      {product} {ergonomic}
     bool UseCompressedClassPointers               = true                                 {lp64_product} {ergonomic}
     bool UseCompressedOops                        = true                                 {lp64_product} {ergonomic}
     bool UseG1GC                                  = true                                      {product} {ergonomic}
     bool UseLargePagesIndividualAllocation        = false                                  {pd product} {ergonomic}

Logging:
Log output configuration:
 #0: stdout all=warning uptime,level,tags
 #1: stderr all=off uptime,level,tags

Environment Variables:
JAVA_HOME=C:\Program Files\Eclipse Adoptium\jdk-11.0.18.10-hotspot\
PATH=C:/Users/Administrator/.p2/pool/plugins/org.eclipse.justj.openjdk.hotspot.jre.full.win32.x86_64_17.0.6.v20230125-1136/jre/bin/server;C:/Users/Administrator/.p2/pool/plugins/org.eclipse.justj.openjdk.hotspot.jre.full.win32.x86_64_17.0.6.v20230125-1136/jre/bin;C:\Program Files\Eclipse Adoptium\jdk-11.0.18.10-hotspot\bin;C:\Program Files (x86)\Common Files\Oracle\Java\javapath;C:\windows\system32;C:\windows;C:\windows\System32\Wbem;C:\windows\System32\WindowsPowerShell\v1.0\;C:\windows\System32\OpenSSH\;C:\Program Files\Bandizip\;C:\Users\Administrator\AppData\Local\Microsoft\WindowsApps;C:\Users\Administrator\AppData\Local\GitHubDesktop\bin;C:\Users\Administrator\AppData\Local\Programs\Microsoft VS Code\bin;C:\Users\Administrator\Desktop;
USERNAME=PKNU
OS=Windows_NT
PROCESSOR_IDENTIFIER=Intel64 Family 6 Model 60 Stepping 3, GenuineIntel
TMP=C:\Users\ADMINI~1\AppData\Local\Temp
TEMP=C:\Users\ADMINI~1\AppData\Local\Temp



---------------  S Y S T E M  ---------------

OS: Windows 11 , 64 bit Build 22000 (10.0.22000.1335)
OS uptime: 0 days 9:58 hours

CPU:total 8 (initial active 8) (4 cores per cpu, 2 threads per core) family 6 model 60 stepping 3 microcode 0x28, cmov, cx8, fxsr, mmx, sse, sse2, sse3, ssse3, sse4.1, sse4.2, popcnt, avx, avx2, aes, clmul, erms, lzcnt, ht, tsc, tscinvbit, bmi1, bmi2, fma

Memory: 4k page, system-wide physical 16338M (6338M free)
TotalPageFile size 29006M (AvailPageFile size 5M)
current process WorkingSet (physical memory assigned to process): 163M, peak: 163M
current process commit charge ("private bytes"): 423M, peak: 425M

vm_info: OpenJDK 64-Bit Server VM (11.0.18+10) for windows-amd64 JRE (11.0.18+10), built on Jan 18 2023 04:27:27 by "" with MS VC++ 16.7 (VS2019)

END.
