#
# There is insufficient memory for the Java Runtime Environment to continue.
# Native memory allocation (malloc) failed to allocate 1048576 bytes for AllocateHeap
# Possible reasons:
#   The system is out of physical RAM or swap space
#   The process is running with CompressedOops enabled, and the Java Heap may be blocking the growth of the native heap
# Possible solutions:
#   Reduce memory load on the system
#   Increase physical memory or swap space
#   Check if swap backing store is full
#   Decrease Java heap size (-Xmx/-Xms)
#   Decrease number of Java threads
#   Decrease Java thread stack sizes (-Xss)
#   Set larger code cache with -XX:ReservedCodeCacheSize=
# This output file may be truncated or incomplete.
#
#  Out of Memory Error (./src/hotspot/share/memory/allocation.cpp:46), pid=16344, tid=16004
#
# JRE version:  (11.0.18+10) (build )
# Java VM: OpenJDK 64-Bit Server VM (11.0.18+10, mixed mode, sharing, tiered, compressed oops, g1 gc, windows-amd64)
# No core dump will be written. Minidumps are not enabled by default on client versions of Windows
#

---------------  S U M M A R Y ------------

Command Line: -Dfile.encoding=UTF-8 ui.km.MemberInsertFrame

Host: Intel(R) Core(TM) i7-4790 CPU @ 3.60GHz, 8 cores, 15G,  Windows 11 , 64 bit Build 22000 (10.0.22000.1335)
Time: Mon Mar  6 19:05:51 2023  Windows 11 , 64 bit Build 22000 (10.0.22000.1335) elapsed time: 0.010890 seconds (0d 0h 0m 0s)

---------------  T H R E A D  ---------------

Current thread (0x000001d3e90b2000):  JavaThread "Unknown thread" [_thread_in_vm, id=16004, stack(0x000000a77cd00000,0x000000a77ce00000)]

Stack: [0x000000a77cd00000,0x000000a77ce00000]
Native frames: (J=compiled Java code, j=interpreted, Vv=VM code, C=native code)
V  [jvm.dll+0x64f2aa]
V  [jvm.dll+0x7e2769]
V  [jvm.dll+0x7e3e69]
V  [jvm.dll+0x7e4553]
V  [jvm.dll+0x26af95]
V  [jvm.dll+0xb8834]
V  [jvm.dll+0x3098e9]
V  [jvm.dll+0x30348d]
V  [jvm.dll+0x7bb917]
V  [jvm.dll+0x7bd0df]
V  [jvm.dll+0x380c99]
V  [jvm.dll+0x79dc7f]
V  [jvm.dll+0x3f1dc7]
V  [jvm.dll+0x3f42b1]
C  [jli.dll+0x52c7]
C  [ucrtbase.dll+0x26c0c]
C  [KERNEL32.DLL+0x155a0]
C  [ntdll.dll+0x485b]


---------------  P R O C E S S  ---------------

Threads class SMR info:
_java_thread_list=0x000001d3e6e649d0, length=0, elements={
}

Java Threads: ( => current thread )

Other Threads:
  0x000001d3e90ca800 GCTaskThread "GC Thread#0" [stack: 0x000000a77ce00000,0x000000a77cf00000] [id=19432]

[error occurred during error reporting (printing all threads), id 0xc0000005, EXCEPTION_ACCESS_VIOLATION (0xc0000005) at pc=0x00007ffad1f9f960]

VM state:not at safepoint (not fully initialized)

VM Mutex/Monitor currently owned by a thread:  ([mutex/lock_event])
[0x000001d3e90aecb0] Heap_lock - owner thread: 0x000001d3e90b2000

Heap address: 0x0000000700a00000, size: 4086 MB, Compressed Oops mode: Non-zero based: 0x0000000700a00000
Narrow klass base: 0x0000000000000000, Narrow klass shift: 0

GC Heap History (0 events):
No events

Deoptimization events (0 events):
No events

Classes redefined (0 events):
No events

Internal exceptions (0 events):
No events

Events (1 events):
Event: 0.007 Loaded shared library C:\Program Files\Eclipse Adoptium\jdk-11.0.18.10-hotspot\bin\zip.dll


Dynamic libraries:
0x00007ff7699a0000 - 0x00007ff7699ad000 	C:\Program Files\Eclipse Adoptium\jdk-11.0.18.10-hotspot\bin\javaw.exe
0x00007ffb70a40000 - 0x00007ffb70c49000 	C:\windows\SYSTEM32\ntdll.dll
0x00007ffb6f190000 - 0x00007ffb6f24e000 	C:\windows\System32\KERNEL32.DLL
0x00007ffb6df10000 - 0x00007ffb6e28b000 	C:\windows\System32\KERNELBASE.dll
0x00007ffb6e660000 - 0x00007ffb6e771000 	C:\windows\System32\ucrtbase.dll
0x00007ffb6af60000 - 0x00007ffb6af77000 	C:\Program Files\Eclipse Adoptium\jdk-11.0.18.10-hotspot\bin\jli.dll
0x00007ffb6ef60000 - 0x00007ffb6f10d000 	C:\windows\System32\USER32.dll
0x00007ffb6e630000 - 0x00007ffb6e656000 	C:\windows\System32\win32u.dll
0x00007ffb6f250000 - 0x00007ffb6f279000 	C:\windows\System32\GDI32.dll
0x00007ffb6e290000 - 0x00007ffb6e3a8000 	C:\windows\System32\gdi32full.dll
0x00007ffb57c40000 - 0x00007ffb57c59000 	C:\Program Files\Eclipse Adoptium\jdk-11.0.18.10-hotspot\bin\VCRUNTIME140.dll
0x00007ffb637a0000 - 0x00007ffb63a45000 	C:\windows\WinSxS\amd64_microsoft.windows.common-controls_6595b64144ccf1df_6.0.22000.120_none_9d947278b86cc467\COMCTL32.dll
0x00007ffb6e520000 - 0x00007ffb6e5bd000 	C:\windows\System32\msvcp_win.dll
0x00007ffb6f460000 - 0x00007ffb6f503000 	C:\windows\System32\msvcrt.dll
0x00007ffb70120000 - 0x00007ffb70152000 	C:\windows\System32\IMM32.DLL
0x00007ffb6b350000 - 0x00007ffb6b35c000 	C:\Program Files\Eclipse Adoptium\jdk-11.0.18.10-hotspot\bin\vcruntime140_1.dll
0x00007ffb3b970000 - 0x00007ffb3ba01000 	C:\Program Files\Eclipse Adoptium\jdk-11.0.18.10-hotspot\bin\msvcp140.dll
0x00007ffad1c90000 - 0x00007ffad284a000 	C:\Program Files\Eclipse Adoptium\jdk-11.0.18.10-hotspot\bin\server\jvm.dll
0x00007ffb6f3b0000 - 0x00007ffb6f45e000 	C:\windows\System32\ADVAPI32.dll
0x00007ffb6f520000 - 0x00007ffb6f5be000 	C:\windows\System32\sechost.dll
0x00007ffb6fea0000 - 0x00007ffb6ffc0000 	C:\windows\System32\RPCRT4.dll
0x00007ffb6f280000 - 0x00007ffb6f288000 	C:\windows\System32\PSAPI.DLL
0x00007ffb40290000 - 0x00007ffb40299000 	C:\windows\SYSTEM32\WSOCK32.dll
0x00007ffb63ab0000 - 0x00007ffb63ae3000 	C:\windows\SYSTEM32\WINMM.dll
0x00007ffb6f850000 - 0x00007ffb6f8bf000 	C:\windows\System32\WS2_32.dll
0x00007ffb68640000 - 0x00007ffb6864a000 	C:\windows\SYSTEM32\VERSION.dll
0x00007ffb6d080000 - 0x00007ffb6d098000 	C:\windows\SYSTEM32\kernel.appcore.dll
0x00007ffb6b340000 - 0x00007ffb6b350000 	C:\Program Files\Eclipse Adoptium\jdk-11.0.18.10-hotspot\bin\verify.dll
0x00007ffb63af0000 - 0x00007ffb63d11000 	C:\windows\SYSTEM32\DBGHELP.DLL
0x00007ffb63a60000 - 0x00007ffb63a91000 	C:\windows\SYSTEM32\dbgcore.DLL
0x00007ffb6e780000 - 0x00007ffb6e7ff000 	C:\windows\System32\bcryptPrimitives.dll
0x00007ffb55700000 - 0x00007ffb55728000 	C:\Program Files\Eclipse Adoptium\jdk-11.0.18.10-hotspot\bin\java.dll
0x00007ffb6b300000 - 0x00007ffb6b30a000 	C:\Program Files\Eclipse Adoptium\jdk-11.0.18.10-hotspot\bin\jimage.dll
0x00007ffb3f170000 - 0x00007ffb3f188000 	C:\Program Files\Eclipse Adoptium\jdk-11.0.18.10-hotspot\bin\zip.dll

dbghelp: loaded successfully - version: 4.0.5 - missing functions: none
symbol engine: initialized successfully - sym options: 0x614 - pdb path: .;C:\Program Files\Eclipse Adoptium\jdk-11.0.18.10-hotspot\bin;C:\windows\SYSTEM32;C:\windows\WinSxS\amd64_microsoft.windows.common-controls_6595b64144ccf1df_6.0.22000.120_none_9d947278b86cc467;C:\Program Files\Eclipse Adoptium\jdk-11.0.18.10-hotspot\bin\server

VM Arguments:
jvm_args: -Dfile.encoding=UTF-8 
java_command: ui.km.MemberInsertFrame
java_class_path (initial): C:\Users\Administrator\eclipse-workspace\oracle\target\classes;C:\Users\Administrator\.p2\pool\plugins\junit-jupiter-api_5.9.1.jar;C:\Users\Administrator\.p2\pool\plugins\junit-jupiter-engine_5.9.1.jar;C:\Users\Administrator\.p2\pool\plugins\junit-jupiter-migrationsupport_5.9.1.jar;C:\Users\Administrator\.p2\pool\plugins\junit-jupiter-params_5.9.1.jar;C:\Users\Administrator\.p2\pool\plugins\junit-platform-commons_1.9.1.jar;C:\Users\Administrator\.p2\pool\plugins\junit-platform-engine_1.9.1.jar;C:\Users\Administrator\.p2\pool\plugins\junit-platform-launcher_1.9.1.jar;C:\Users\Administrator\.p2\pool\plugins\junit-platform-runner_1.9.1.jar;C:\Users\Administrator\.p2\pool\plugins\junit-platform-suite-api_1.9.1.jar;C:\Users\Administrator\.p2\pool\plugins\junit-platform-suite-engine_1.9.1.jar;C:\Users\Administrator\.p2\pool\plugins\junit-platform-suite-commons_1.9.1.jar;C:\Users\Administrator\.p2\pool\plugins\junit-vintage-engine_5.9.1.jar;C:\Users\Administrator\.p2\pool\plugins\org.opentest4j_1.2.0.jar;C:\Users\Administrator\.p2\pool\plugins\org.apiguardian.api_1.1.2.jar;C:\Users\Administrator\.p2\pool\plugins\org.junit_4.13.2.v20211018-1956.jar;C:\Users\Administrator\.p2\pool\plugins\org.hamcrest.core_1.3.0.v20180420-1519.jar;C:\Users\Administrator\.m2\repository\org\mybatis\mybatis\3.5.9\mybatis-3.5.9.jar;C:\Users\Administrator\.m2\repository\org\apache\commons\commons-dbcp2\2.9.0\commons-dbcp2-2.9.0.jar;C:\Users\Administrator\.m2\repository\org\apache\commons\commons-pool2\2.10.0\commons-pool2-2.10.0.jar;C:\Users\Administrator\.m2\repository\commons-logging\commons-logging\1.2\commons-logging-1.2.jar;C:\Users\Administrator\.m2\repository\com\oracle\ojdbc7\12.1.0.2\ojdbc7-12.1.0.2.jar;C:\Users\Administrator\.m2\repository\org\projectlombok\lombok\1.18.12\lombok-1.18.12.jar
Launcher Type: SUN_STANDARD

[Global flags]
     intx CICompilerCount                          = 4                                         {product} {ergonomic}
     uint ConcGCThreads                            = 2                                         {product} {ergonomic}
     uint G1ConcRefinementThreads                  = 8                                         {product} {ergonomic}
   size_t G1HeapRegionSize                         = 1048576                                   {product} {ergonomic}
    uintx GCDrainStackTargetSize                   = 64                                        {product} {ergonomic}
   size_t InitialHeapSize                          = 268435456                                 {product} {ergonomic}
   size_t MarkStackSize                            = 4194304                                   {product} {ergonomic}
   size_t MaxHeapSize                              = 4284481536                                {product} {ergonomic}
   size_t MinHeapDeltaBytes                        = 1048576                                   {product} {ergonomic}
    uintx NonNMethodCodeHeapSize                   = 5836300                                {pd product} {ergonomic}
    uintx NonProfiledCodeHeapSize                  = 122910970                              {pd product} {ergonomic}
    uintx ProfiledCodeHeapSize                     = 122910970                              {pd product} {ergonomic}
    uintx ReservedCodeCacheSize                    = 251658240                              {pd product} {ergonomic}
     bool SegmentedCodeCache                       = true                                      {product} {ergonomic}
     bool UseCompressedClassPointers               = true                                 {lp64_product} {ergonomic}
     bool UseCompressedOops                        = true                                 {lp64_product} {ergonomic}
     bool UseG1GC                                  = true                                      {product} {ergonomic}
     bool UseLargePagesIndividualAllocation        = false                                  {pd product} {ergonomic}

Logging:
Log output configuration:
 #0: stdout all=warning uptime,level,tags
 #1: stderr all=off uptime,level,tags

Environment Variables:
JAVA_HOME=C:\Program Files\Eclipse Adoptium\jdk-11.0.18.10-hotspot\
PATH=C:/Users/Administrator/.p2/pool/plugins/org.eclipse.justj.openjdk.hotspot.jre.full.win32.x86_64_17.0.6.v20230125-1136/jre/bin/server;C:/Users/Administrator/.p2/pool/plugins/org.eclipse.justj.openjdk.hotspot.jre.full.win32.x86_64_17.0.6.v20230125-1136/jre/bin;C:\Program Files\Eclipse Adoptium\jdk-11.0.18.10-hotspot\bin;C:\Program Files (x86)\Common Files\Oracle\Java\javapath;C:\windows\system32;C:\windows;C:\windows\System32\Wbem;C:\windows\System32\WindowsPowerShell\v1.0\;C:\windows\System32\OpenSSH\;C:\Program Files\Bandizip\;C:\Users\Administrator\AppData\Local\Microsoft\WindowsApps;C:\Users\Administrator\AppData\Local\GitHubDesktop\bin;C:\Users\Administrator\AppData\Local\Programs\Microsoft VS Code\bin;C:\Users\Administrator\Desktop;
USERNAME=PKNU
OS=Windows_NT
PROCESSOR_IDENTIFIER=Intel64 Family 6 Model 60 Stepping 3, GenuineIntel
TMP=C:\Users\ADMINI~1\AppData\Local\Temp
TEMP=C:\Users\ADMINI~1\AppData\Local\Temp



---------------  S Y S T E M  ---------------

OS: Windows 11 , 64 bit Build 22000 (10.0.22000.1335)
OS uptime: 0 days 10:17 hours

CPU:total 8 (initial active 8) (4 cores per cpu, 2 threads per core) family 6 model 60 stepping 3 microcode 0x28, cmov, cx8, fxsr, mmx, sse, sse2, sse3, ssse3, sse4.1, sse4.2, popcnt, avx, avx2, aes, clmul, erms, lzcnt, ht, tsc, tscinvbit, bmi1, bmi2, fma

Memory: 4k page, system-wide physical 16338M (6639M free)
TotalPageFile size 29006M (AvailPageFile size 6M)
current process WorkingSet (physical memory assigned to process): 10M, peak: 10M
current process commit charge ("private bytes"): 53M, peak: 54M

vm_info: OpenJDK 64-Bit Server VM (11.0.18+10) for windows-amd64 JRE (11.0.18+10), built on Jan 18 2023 04:27:27 by "" with MS VC++ 16.7 (VS2019)

END.
